"../../../Engine/Content/Functions/Engine_MaterialFunctions01/Opacity/CameraDepthFade.uasset" 0
"../../../Engine/Content/EngineMaterials/T_Default_Material_Grid_M.uasset" 1
"../../../Engine/Content/EngineMaterials/T_Default_Material_Grid_N.uasset" 2
"../../../Engine/Content/EngineMaterials/WorldGridMaterial.uasset" 3
"../../../Engine/Content/ArtTools/RenderToTexture/Meshes/S_1_Unit_Plane.uasset" 4
"../../../Engine/Content/EngineMaterials/DefaultMaterial.uasset" 5
"../../../Engine/Content/BasicShapes/Cone.uasset" 6
"../../../Engine/Content/BasicShapes/Cylinder.uasset" 7
"../../../Engine/Content/BasicShapes/Sphere.uasset" 8
"../../../Engine/Content/EngineMaterials/DefaultPhysicalMaterial.uasset" 9
"../../../Engine/Content/BufferVisualization/AmbientOcclusion.uasset" 10
"../../../Engine/Content/BufferVisualization/BaseColor.uasset" 11
"../../../Engine/Content/BufferVisualization/CustomDepth.uasset" 12
"../../../Engine/Content/Functions/Engine_MaterialFunctions02/Utility/VectorLength.uasset" 13
"../../../Engine/Content/BufferVisualization/CustomDepthWorldUnits.uasset" 14
"../../../Engine/Content/Functions/Engine_MaterialFunctions02/Utility/BreakOutFloat2Components.uasset" 15
"../../../Engine/Content/Functions/Engine_MaterialFunctions01/Texturing/ScaleUVsByCenter.uasset" 16
"../../../Engine/Content/Functions/Engine_MaterialFunctions02/ScreenResolution.uasset" 17
"../../../Engine/Content/Functions/Engine_MaterialFunctions02/Texturing/ScreenAlignedUVs.uasset" 18
"../../../Engine/Content/Functions/Engine_MaterialFunctions02/Utility/MakeFloat2.uasset" 19
"../../../Engine/Content/Functions/Engine_MaterialFunctions02/Utility/MakeFloat3.uasset" 20
"../../../Engine/Content/EngineMaterials/MiniFont.uasset" 21
"../../../Engine/Content/BufferVisualization/CustomStencil.uasset" 22
"../../../Engine/Content/BufferVisualization/FinalImage.uasset" 23
"../../../Engine/Content/BufferVisualization/LightingModel.uasset" 24
"../../../Engine/Content/BufferVisualization/MaterialAO.uasset" 25
"../../../Engine/Content/BufferVisualization/Metallic.uasset" 26
"../../../Engine/Content/BufferVisualization/Opacity.uasset" 27
"../../../Engine/Content/BufferVisualization/PostTonemapHDRColor.uasset" 28
"../../../Engine/Content/BufferVisualization/PreTonemapHDRColor.uasset" 29
"../../../Engine/Content/BufferVisualization/Roughness.uasset" 30
"../../../Engine/Content/BufferVisualization/SceneColor.uasset" 31
"../../../Engine/Content/BufferVisualization/SceneDepth.uasset" 32
"../../../Engine/Content/BufferVisualization/SceneDepthWorldUnits.uasset" 33
"../../../Engine/Content/BufferVisualization/SeparateTranslucencyA.uasset" 34
"../../../Engine/Content/BufferVisualization/SeparateTranslucencyRGB.uasset" 35
"../../../Engine/Content/BufferVisualization/Specular.uasset" 36
"../../../Engine/Content/BufferVisualization/SubsurfaceColor.uasset" 37
"../../../Engine/Content/BufferVisualization/WorldNormal.uasset" 38
"../../../Engine/Content/EditorBlueprintResources/ActorMacros.uasset" 39
"../../../Engine/Content/EditorLandscapeResources/DataLayer.uasset" 40
"../../../Engine/Content/EditorLandscapeResources/DefaultAlphaTexture.uasset" 41
"../../../Engine/Content/EditorLandscapeResources/LandscapeGizmoHeight_Mat.uasset" 42
"../../../Engine/Content/EditorLandscapeResources/LandscapeGizmo_Mat.uasset" 43
"../../../Engine/Content/EditorLandscapeResources/LandscapeGizmo_Mat_Copied.uasset" 44
"../../../Engine/Content/EditorLandscapeResources/SplineEditorMeshMat.uasset" 45
"../../../Engine/Content/EditorLandscapeResources/SplineEditorMesh.uasset" 46
"../../../Engine/Content/EditorMaterials/Cross.uasset" 47
"../../../Engine/Content/EditorMaterials/Cross_Mat.uasset" 48
"../../../Engine/Content/EditorMaterials/GizmoMaterial.uasset" 49
"../../../Engine/Content/Functions/Engine_MaterialFunctions02/Utility/Sign.uasset" 50
"../../../Engine/Content/Functions/Engine_MaterialFunctions02/Utility/Round.uasset" 51
"../../../Engine/Content/Functions/Engine_MaterialFunctions02/ExampleContent/Textures/flipbook.uasset" 52
"../../../Engine/Content/Functions/Engine_MaterialFunctions02/Texturing/FlipBook.uasset" 53
"../../../Engine/Content/EditorResources/T_EditorHelp.uasset" 54
"../../../Engine/Content/EditorMaterials/HelpActorMaterial.uasset" 55
"../../../Engine/Content/EditorMaterials/CompositeARGBLayer.uasset" 56
"../../../Engine/Content/EditorMaterials/TilingAALineIntegral.uasset" 57
"../../../Engine/Content/EditorMaterials/TilingAALineBoxFiltered.uasset" 58
"../../../Engine/Content/Functions/Engine_MaterialFunctions03/Procedurals/ComputeFilterWidth.uasset" 59
"../../../Engine/Content/EditorMaterials/TilingAADots.uasset" 60
"../../../Engine/Content/EngineMaterials/BlendFunc_DefBase.uasset" 61
"../../../Engine/Content/EngineMaterials/BlendFunc_DefBlend.uasset" 62
"../../../Engine/Content/Functions/Engine_MaterialFunctions03/Blends/Blend_Screen.uasset" 63
"../../../Engine/Content/EditorMaterials/TilingAAGrid.uasset" 64
"../../../Engine/Content/EditorMaterials/LevelGridMaterial.uasset" 65
"../../../Engine/Content/EditorMaterials/MakeCompositeARGBLayer.uasset" 66
"../../../Engine/Content/EditorResources/LevelGrid1DStripes.uasset" 67
"../../../Engine/Content/EditorMaterials/TextureGridCascaded1D.uasset" 68
"../../../Engine/Content/EditorMaterials/TextureGridCascaded2D.uasset" 69
"../../../Engine/Content/EditorMaterials/LevelGridMaterial2.uasset" 70
"../../../Engine/Content/EditorMaterials/MAT_Groups_Toggle.uasset" 71
"../../../Engine/Content/EditorMaterials/MAT_Groups_Visibility.uasset" 72
"../../../Engine/Content/EditorMaterials/AntialiasedGridFloor.uasset" 73
"../../../Engine/Content/EditorResources/TilePatine_D.uasset" 74
"../../../Engine/Content/EditorResources/TilePatine_N.uasset" 75
"../../../Engine/Content/EngineMaterials/Grid.uasset" 76
"../../../Engine/Content/EditorMaterials/PersonaFloorMat.uasset" 77
"../../../Engine/Content/EditorMaterials/PhAT_BoneSelectedMaterial.uasset" 78
"../../../Engine/Content/EditorMaterials/PhAT_ElemSelectedMaterial.uasset" 79
"../../../Engine/Content/EditorMaterials/PhAT_NoCollisionMaterial.uasset" 80
"../../../Engine/Content/EditorMaterials/PhAT_UnselectedMaterial.uasset" 81
"../../../Engine/Content/EditorMaterials/PreviewShadowIndicator.uasset" 82
"../../../Engine/Content/EditorMaterials/PreviewShadowIndicatorMaterial.uasset" 83
"../../../Engine/Content/EditorMaterials/TargetIcon.uasset" 84
"../../../Engine/Content/EditorMaterials/Tick.uasset" 85
"../../../Engine/Content/EditorMaterials/Tick_Mat.uasset" 86
"../../../Engine/Content/EditorMaterials/WidgetGridVertexColorMaterial.uasset" 87
"../../../Engine/Content/EditorMaterials/WidgetGridVertexColorMaterial_Ma.uasset" 88
"../../../Engine/Content/EditorMaterials/WidgetMaterial.uasset" 89
"../../../Engine/Content/EditorMaterials/WidgetMaterial_Current.uasset" 90
"../../../Engine/Content/EditorMaterials/WidgetMaterial_X.uasset" 91
"../../../Engine/Content/EditorMaterials/WidgetMaterial_Y.uasset" 92
"../../../Engine/Content/EditorMaterials/WidgetMaterial_Z.uasset" 93
"../../../Engine/Content/EditorMaterials/WidgetVertexColorMaterial.uasset" 94
"../../../Engine/Content/EditorMaterials/AssetViewer/EpicQuadPanorama_CC+EV1.uasset" 95
"../../../Engine/Content/MapTemplates/Sky/SunsetAmbientCubemap.uasset" 96
"../../../Engine/Content/EditorMaterials/AssetViewer/M_SkyBox.uasset" 97
"../../../Engine/Content/EditorMaterials/MatineeGroups/MAT_ColorTrack.uasset" 98
"../../../Engine/Content/EditorMaterials/MatineeGroups/MAT_Groups_Anim.uasset" 99
"../../../Engine/Content/EditorMaterials/MatineeGroups/MAT_Groups_AudioMaster.uasset" 100
"../../../Engine/Content/EditorMaterials/MatineeGroups/MAT_Groups_Director.uasset" 101
"../../../Engine/Content/EditorMaterials/MatineeGroups/MAT_Groups_Event.uasset" 102
"../../../Engine/Content/EditorMaterials/MatineeGroups/MAT_Groups_Fade.uasset" 103
"../../../Engine/Content/EditorMaterials/MatineeGroups/MAT_Groups_Float.uasset" 104
"../../../Engine/Content/EditorMaterials/MatineeGroups/MAT_Groups_Move.uasset" 105
"../../../Engine/Content/EditorMaterials/MatineeGroups/MAT_Groups_Slomo.uasset" 106
"../../../Engine/Content/EditorMaterials/MatineeGroups/MAT_Groups_Sound.uasset" 107
"../../../Engine/Content/EditorMaterials/MatineeGroups/MAT_Groups_Vector.uasset" 108
"../../../Engine/Content/EditorMaterials/ParticleSystems/PSysThumbnail_NoImage.uasset" 109
"../../../Engine/Content/EditorMaterials/ParticleSystems/PSysThumbnail_OOD.uasset" 110
"../../../Engine/Content/EditorMaterials/Thumbnails/FloorPlaneMaterial.uasset" 111
"../../../Engine/Content/EditorMeshes/EditorCube.uasset" 112
"../../../Engine/Content/EditorMeshes/EditorCylinder.uasset" 113
"../../../Engine/Content/EditorMeshes/EditorPlane.uasset" 114
"../../../Engine/Content/EditorMaterials/Thumbnails/SkySphereMaterial.uasset" 115
"../../../Engine/Content/EditorMeshes/EditorSkySphere.uasset" 116
"../../../Engine/Content/EditorMeshes/EditorSphere.uasset" 117
"../../../Engine/Content/EditorResources/MatineeCam_D.uasset" 118
"../../../Engine/Content/EditorMaterials/MatineeCam_mat.uasset" 119
"../../../Engine/Content/EditorMeshes/MatineeCam_SM.uasset" 120
"../../../Engine/Content/Functions/Engine_MaterialFunctions01/Shading/ConvertFromDiffSpec.uasset" 121
"../../../Engine/Content/EditorMaterials/GridMaterial.uasset" 122
"../../../Engine/Content/EditorMeshes/PhAT_FloorBox.uasset" 123
"../../../Engine/Content/EditorMeshes/AssetViewer/Floor_Mesh.uasset" 124
"../../../Engine/Content/EditorMeshes/AssetViewer/Sphere_inversenormals.uasset" 125
"../../../Engine/Content/EditorMaterials/Camera/CineMat.uasset" 126
"../../../Engine/Content/EditorMaterials/Camera/MI_CineMat_CameraBody.uasset" 127
"../../../Engine/Content/EngineDebugMaterials/M_SimpleOpaque.uasset" 128
"../../../Engine/Content/EditorMaterials/Camera/MI_CineMat_CamViewFinder.uasset" 129
"../../../Engine/Content/EditorMeshes/Camera/SM_CineCam.uasset" 130
"../../../Engine/Content/EditorMaterials/Camera/MI_CineMat_Rig.uasset" 131
"../../../Engine/Content/EditorMeshes/Camera/SM_CraneRig_Arm.uasset" 132
"../../../Engine/Content/EditorMeshes/Camera/SM_CraneRig_Base.uasset" 133
"../../../Engine/Content/EditorMeshes/Camera/SM_CraneRig_Body.uasset" 134
"../../../Engine/Content/EditorMeshes/Camera/SM_CraneRig_Mount.uasset" 135
"../../../Engine/Content/EditorMeshes/Camera/SM_RailRig_Mount.uasset" 136
"../../../Engine/Content/EditorMeshes/Camera/SM_RailRig_Track.uasset" 137
"../../../Engine/Content/EditorResources/Bad.uasset" 138
"../../../Engine/Content/EditorResources/BadBlueprintSprite.uasset" 139
"../../../Engine/Content/EditorResources/BSPVertex.uasset" 140
"../../../Engine/Content/EditorResources/EmptyActor.uasset" 141
"../../../Engine/Content/EditorResources/MatInstActSprite.uasset" 142
"../../../Engine/Content/EditorResources/SceneManager.uasset" 143
"../../../Engine/Content/EditorResources/SmallFont.uasset" 144
"../../../Engine/Content/EditorResources/S_Actor.uasset" 145
"../../../Engine/Content/EditorResources/S_DecalActorIcon.uasset" 146
"../../../Engine/Content/EditorResources/S_Emitter.uasset" 147
"../../../Engine/Content/EditorResources/S_ExpoHeightFog.uasset" 148
"../../../Engine/Content/EditorResources/S_FTest.uasset" 149
"../../../Engine/Content/EditorResources/S_KBSJoint.uasset" 150
"../../../Engine/Content/EditorResources/S_KHinge.uasset" 151
"../../../Engine/Content/EditorResources/S_KPrismatic.uasset" 152
"../../../Engine/Content/EditorResources/S_LevelSequence.uasset" 153
"../../../Engine/Content/EditorResources/S_NavP.uasset" 154
"../../../Engine/Content/EditorResources/S_Note.uasset" 155
"../../../Engine/Content/EditorResources/S_Player.uasset" 156
"../../../Engine/Content/EditorResources/S_PortalActorIcon2.uasset" 157
"../../../Engine/Content/EditorResources/S_RadForce.uasset" 158
"../../../Engine/Content/EditorResources/S_ReflActorIcon.uasset" 159
"../../../Engine/Content/EditorResources/S_Terrain.uasset" 160
"../../../Engine/Content/EditorResources/S_TextRenderActorIcon.uasset" 161
"../../../Engine/Content/EditorResources/S_Thruster.uasset" 162
"../../../Engine/Content/EditorResources/S_Trigger.uasset" 163
"../../../Engine/Content/EditorResources/S_VectorFieldVol.uasset" 164
"../../../Engine/Content/EditorResources/S_WindDirectional.uasset" 165
"../../../Engine/Content/EditorResources/AI/S_NavLink.uasset" 166
"../../../Engine/Content/EditorResources/AudioIcons/S_AudioComponent_AutoActivate.uasset" 167
"../../../Engine/Content/EditorResources/LightIcons/SkyLight.uasset" 168
"../../../Engine/Content/EditorResources/LightIcons/S_LightDirectional.uasset" 169
"../../../Engine/Content/EditorResources/LightIcons/S_LightDirectionalMove.uasset" 170
"../../../Engine/Content/EditorResources/LightIcons/S_LightError.uasset" 171
"../../../Engine/Content/EditorResources/LightIcons/S_LightPoint.uasset" 172
"../../../Engine/Content/EditorResources/LightIcons/S_LightPointMove.uasset" 173
"../../../Engine/Content/EditorResources/LightIcons/S_LightSpot.uasset" 174
"../../../Engine/Content/EditorResources/LightIcons/S_LightSpotMove.uasset" 175
"../../../Engine/Content/EditorResources/SequenceRecorder/Countdown.uasset" 176
"../../../Engine/Content/EditorResources/SequenceRecorder/RecordingIndicator.uasset" 177
"../../../Engine/Content/EditorResources/Spline/T_Loft_Spline.uasset" 178
"../../../Engine/Content/EditorSounds/GamePreview/EjectFromPlayer.uasset" 179
"../../../Engine/Content/EditorSounds/GamePreview/EjectFromPlayer_Cue.uasset" 180
"../../../Engine/Content/EditorSounds/GamePreview/EndPlayInEditor.uasset" 181
"../../../Engine/Content/EditorSounds/GamePreview/EndPlayInEditor_Cue.uasset" 182
"../../../Engine/Content/EditorSounds/GamePreview/EndSimulate.uasset" 183
"../../../Engine/Content/EditorSounds/GamePreview/EndSimulate_Cue.uasset" 184
"../../../Engine/Content/EditorSounds/GamePreview/PossessPlayer.uasset" 185
"../../../Engine/Content/EditorSounds/GamePreview/PossessPlayer_Cue.uasset" 186
"../../../Engine/Content/EditorSounds/GamePreview/StartPlayInEditor.uasset" 187
"../../../Engine/Content/EditorSounds/GamePreview/StartPlayInEditor_Cue.uasset" 188
"../../../Engine/Content/EditorSounds/GamePreview/StartSimulate.uasset" 189
"../../../Engine/Content/EditorSounds/GamePreview/StartSimulate_Cue.uasset" 190
"../../../Engine/Content/EditorSounds/Notifications/CompileFailed.uasset" 191
"../../../Engine/Content/EditorSounds/Notifications/CompileFailed_Cue.uasset" 192
"../../../Engine/Content/EditorSounds/Notifications/CompileSuccess.uasset" 193
"../../../Engine/Content/EditorSounds/Notifications/CompileStart_Cue.uasset" 194
"../../../Engine/Content/EditorSounds/Notifications/CompileSuccess_Cue.uasset" 195
"../../../Engine/Content/EngineDamageTypes/DmgTypeBP_Environmental.uasset" 196
"../../../Engine/Content/EngineDebugMaterials/HeatmapGradient.uasset" 197
"../../../Engine/Content/EngineDebugMaterials/BoneWeightMaterial.uasset" 198
"../../../Engine/Content/EngineDebugMaterials/ClothMaterial.uasset" 199
"../../../Engine/Content/EngineDebugMaterials/ClothMaterial_WF.uasset" 200
"../../../Engine/Content/EngineDebugMaterials/DebugEditorMaterial.uasset" 201
"../../../Engine/Content/EngineDebugMaterials/DebugMeshMaterial.uasset" 202
"../../../Engine/Content/EngineDebugMaterials/GeomMaterial.uasset" 203
"../../../Engine/Content/EngineDebugMaterials/LevelColorationLitMaterial.uasset" 204
"../../../Engine/Content/EngineDebugMaterials/LevelColorationUnlitMaterial.uasset" 205
"../../../Engine/Content/EngineMaterials/DefaultWhiteGrid.uasset" 206
"../../../Engine/Content/EngineDebugMaterials/MAT_LevelColorationLitLightmapUV.uasset" 207
"../../../Engine/Content/EngineDebugMaterials/M_SimpleTranslucent.uasset" 208
"../../../Engine/Content/EngineDebugMaterials/ShadedLevelColorationLitMaterial.uasset" 209
"../../../Engine/Content/EngineDebugMaterials/ShadedLevelColorationUnlitMateri.uasset" 210
"../../../Engine/Content/EngineDebugMaterials/VertexColorMaterial.uasset" 211
"../../../Engine/Content/EngineDebugMaterials/VertexColorViewMode_AlphaAsColor.uasset" 212
"../../../Engine/Content/EngineDebugMaterials/VertexColorViewMode_BlueOnly.uasset" 213
"../../../Engine/Content/EngineDebugMaterials/VertexColorViewMode_ColorOnly.uasset" 214
"../../../Engine/Content/EngineDebugMaterials/VertexColorViewMode_GreenOnly.uasset" 215
"../../../Engine/Content/EngineDebugMaterials/VertexColorViewMode_RedOnly.uasset" 216
"../../../Engine/Content/EngineDebugMaterials/WireframeMaterial.uasset" 217
"../../../Engine/Content/EngineFonts/Faces/RobotoBold.uasset" 218
"../../../Engine/Content/EngineFonts/Faces/RobotoBoldItalic.uasset" 219
"../../../Engine/Content/EngineFonts/Faces/RobotoItalic.uasset" 220
"../../../Engine/Content/EngineFonts/Faces/RobotoLight.uasset" 221
"../../../Engine/Content/EngineFonts/Faces/RobotoRegular.uasset" 222
"../../../Engine/Content/EngineFonts/Roboto.uasset" 223
"../../../Engine/Content/EngineFonts/Faces/RobotoTiny.uasset" 224
"../../../Engine/Content/EngineFonts/RobotoTiny.uasset" 225
"../../../Engine/Content/EngineFonts/SmallFont.uasset" 226
"../../../Engine/Content/EngineFonts/TinyFont.uasset" 227
"../../../Engine/Content/EngineMaterials/BaseFlattenDiffuseMap.uasset" 228
"../../../Engine/Content/EngineMaterials/BaseFlattenEmissiveMap.uasset" 229
"../../../Engine/Content/EngineMaterials/BaseFlattenGrayscaleMap.uasset" 230
"../../../Engine/Content/EngineMaterials/BaseFlattenNormalMap.uasset" 231
"../../../Engine/Content/EngineMaterials/BaseFlattenMaterial.uasset" 232
"../../../Engine/Content/EngineResources/WhiteSquareTexture.uasset" 233
"../../../Engine/Content/EngineMaterials/BlinkingCaret.uasset" 234
"../../../Engine/Content/EngineMaterials/DefaultBloomKernel.uasset" 235
"../../../Engine/Content/EngineMaterials/DefaultBokeh.uasset" 236
"../../../Engine/Content/EngineMaterials/DefaultDiffuse.uasset" 237
"../../../Engine/Content/EngineMaterials/DefaultDeferredDecalMaterial.uasset" 238
"../../../Engine/Content/EngineMaterials/DefaultDiffuse_TC_Masks.uasset" 239
"../../../Engine/Content/EngineMaterials/DefaultLightFunctionMaterial.uasset" 240
"../../../Engine/Content/EngineMaterials/DefaultNormal.uasset" 241
"../../../Engine/Content/EngineMaterials/DefaultPostProcessMaterial.uasset" 242
"../../../Engine/Content/EngineFonts/RobotoDistanceField.uasset" 243
"../../../Engine/Content/EngineMaterials/DefaultTextMaterialOpaque.uasset" 244
"../../../Engine/Content/EngineMaterials/EditorBrushMaterial.uasset" 245
"../../../Engine/Content/EngineMaterials/Good64x64TilingNoiseHighFreq.uasset" 246
"../../../Engine/Content/EngineMaterials/Grid_N.uasset" 247
"../../../Engine/Content/EngineMaterials/HighResolutionScreenshotMaskFunction.uasset" 248
"../../../Engine/Content/EngineMaterials/HighResScreenshot.uasset" 249
"../../../Engine/Content/EngineMaterials/HighResScreenshotCaptureRegion.uasset" 250
"../../../Engine/Content/EngineMaterials/HighResScreenshotMask.uasset" 251
"../../../Engine/Content/EngineMaterials/LandscapeHolePhysicalMaterial.uasset" 252
"../../../Engine/Content/EngineMaterials/InvalidLightmapSettings.uasset" 253
"../../../Engine/Content/EngineMaterials/M_InvalidLightmapSettings.uasset" 254
"../../../Engine/Content/EngineMaterials/PaperDiffuse.uasset" 255
"../../../Engine/Content/EngineMaterials/PaperNormal.uasset" 256
"../../../Engine/Content/Functions/Engine_MaterialFunctions02/WorldPositionOffset/CameraOffset.uasset" 257
"../../../Engine/Content/EngineMaterials/PhAT_JointLimitMaterial.uasset" 258
"../../../Engine/Content/EngineMaterials/PhysMat_Rubber.uasset" 259
"../../../Engine/Content/EngineMaterials/PreintegratedSkinBRDF.uasset" 260
"../../../Engine/Content/EngineMaterials/RemoveSurfaceMaterial.uasset" 261
"../../../Engine/Content/EngineMaterials/WeightMapPlaceholderTexture.uasset" 262
"../../../Engine/Content/EngineMaterials/Widget3DPassThrough.uasset" 263
"../../../Engine/Content/EngineMaterials/Widget3DPassThrough_Masked.uasset" 264
"../../../Engine/Content/EngineMaterials/Widget3DPassThrough_Opaque.uasset" 265
"../../../Engine/Content/EngineMaterials/Widget3DPassThrough_Masked_OneSided.uasset" 266
"../../../Engine/Content/EngineMaterials/Widget3DPassThrough_Opaque_OneSided.uasset" 267
"../../../Engine/Content/EngineMaterials/Widget3DPassThrough_Translucent.uasset" 268
"../../../Engine/Content/EngineMaterials/Widget3DPassThrough_Translucent_OneSided.uasset" 269
"../../../Engine/Content/EngineMeshes/Cylinder.uasset" 270
"../../../Engine/Content/EngineMeshes/Sphere.uasset" 271
"../../../Engine/Content/EngineResources/DefaultTexture.uasset" 272
"../../../Engine/Content/EngineResources/DefaultTextureCube.uasset" 273
"../../../Engine/Content/EngineResources/DefaultVolumeTexture2D.uasset" 274
"../../../Engine/Content/EngineResources/DefaultVolumeTexture.uasset" 275
"../../../Engine/Content/EngineResources/GradientTexture0.uasset" 276
"../../../Engine/Content/EngineResources/StreamingPauseIcon.uasset" 277
"../../../Engine/Content/EngineResources/M_StreamingPause.uasset" 278
"../../../Engine/Content/EngineSounds/Master.uasset" 279
"../../../Engine/Content/Functions/Engine_MaterialFunctions01/Shading/PowerToRoughness.uasset" 280
"../../../Engine/Content/Maps/Templates/Thumbnails/Default.uasset" 281
"../../../Engine/Content/Maps/Templates/Thumbnails/VR-Basic.uasset" 282
"../../../Engine/Content/MapTemplates/Sky/DaylightAmbientCubemap.uasset" 283
"../../../Engine/Content/MobileResources/T_MobileControls_texture.uasset" 284
"../../../Engine/Content/MobileResources/T_MobileMenu2.uasset" 285
"../../../Engine/Content/MobileResources/HUD/AnalogHat.uasset" 286
"../../../Engine/Content/MobileResources/HUD/VirtualJoystick_Background.uasset" 287
"../../../Engine/Content/MobileResources/HUD/VirtualJoystick_Thumb.uasset" 288
"../../../Engine/Content/MobileResources/HUD/DefaultVirtualJoysticks.uasset" 289
"../../../Engine/Content/MobileResources/HUD/LeftVirtualJoystickOnly.uasset" 290
"../../../Engine/Content/MobileResources/HUD/MobileHUDButton1_off.uasset" 291
"../../../Engine/Content/MobileResources/HUD/MobileHUDButton1_on.uasset" 292
"../../../Engine/Content/MobileResources/HUD/MobileHUDButton2_off.uasset" 293
"../../../Engine/Content/MobileResources/HUD/MobileHUDButton2_on.uasset" 294
"../../../Engine/Content/MobileResources/HUD/MobileHUDButton3.uasset" 295
"../../../Engine/Content/MobileResources/HUD/MobileHUDButtonFire.uasset" 296
"../../../Engine/Content/MobileResources/HUD/MobileHUDDirectionPad.uasset" 297
"../../../Engine/Content/MobileResources/HUD/MobileHUDDirectionPad2.uasset" 298
"../../../Engine/Content/MobileResources/HUD/MobileHUDDirectionPad3.uasset" 299
"../../../Engine/Content/MobileResources/HUD/MobileHUDDirectionStick.uasset" 300
"../../../Engine/Content/MobileResources/HUD/T_Castle_ThumbstickInner.uasset" 301
"../../../Engine/Content/MobileResources/HUD/T_Castle_ThumbstickOutter.uasset" 302
"../../../Engine/Content/Tutorial/ContentIntroCurve.uasset" 303
"../../../Engine/Content/Tutorial/Basics/TutorialAssets/icon_tab_Levels_40x.uasset" 304
"../../../Engine/Content/Tutorial/BlueprintTutorials/TutorialAssets/Blueprint_64x.uasset" 305
"../../../Engine/Content/Tutorial/Mobile/TutorialAssets/android_Icon.uasset" 306
"../../../Engine/Content/Tutorial/Paper2D/TutorialAssets/Paper2DFlipbook_TutorialIcon.uasset" 307
"../../../Engine/Content/Tutorial/Paper2D/TutorialAssets/Paper2DSprite_TutorialIcon.uasset" 308
"../../../Engine/Content/Tutorial/SubEditors/TutorialAssets/TutorialMaterial.uasset" 309
"../../../Engine/Content/VREditor/Sounds/VR_click1.uasset" 310
"../../../Engine/Content/VREditor/Sounds/VR_click1_Cue.uasset" 311
"../../../Engine/Content/VREditor/Sounds/VR_click2.uasset" 312
"../../../Engine/Content/VREditor/Sounds/VR_click2_Cue.uasset" 313
"../../../Engine/Content/VREditor/Sounds/VR_click3.uasset" 314
"../../../Engine/Content/VREditor/Sounds/VR_click3_Cue.uasset" 315
"../../../Engine/Content/VREditor/Sounds/VR_close.uasset" 316
"../../../Engine/Content/VREditor/Sounds/VR_close_Cue.uasset" 317
"../../../Engine/Content/VREditor/Sounds/VR_confirm.uasset" 318
"../../../Engine/Content/VREditor/Sounds/VR_confirm_Cue.uasset" 319
"../../../Engine/Content/VREditor/Sounds/VR_grab.uasset" 320
"../../../Engine/Content/VREditor/Sounds/VR_grab_Cue.uasset" 321
"../../../Engine/Content/VREditor/Sounds/VR_negative.uasset" 322
"../../../Engine/Content/VREditor/Sounds/VR_negative_Cue.uasset" 323
"../../../Engine/Content/VREditor/Sounds/VR_open.uasset" 324
"../../../Engine/Content/VREditor/Sounds/VR_open_Cue.uasset" 325
"../../../Engine/Content/VREditor/Sounds/VR_shep_scale_down_01.uasset" 326
"../../../Engine/Content/VREditor/Sounds/VR_shep_scale_down_01_Cue.uasset" 327
"../../../Engine/Content/VREditor/Sounds/VR_shep_scale_down_02.uasset" 328
"../../../Engine/Content/VREditor/Sounds/VR_shep_scale_down_02_Cue.uasset" 329
"../../../Engine/Content/VREditor/Sounds/VR_shep_scale_down_03.uasset" 330
"../../../Engine/Content/VREditor/Sounds/VR_shep_scale_down_03_Cue.uasset" 331
"../../../Engine/Content/VREditor/Sounds/VR_shep_scale_down_04.uasset" 332
"../../../Engine/Content/VREditor/Sounds/VR_shep_scale_down_04_Cue.uasset" 333
"../../../Engine/Content/VREditor/Sounds/VR_shep_scale_up_04.uasset" 334
"../../../Engine/Content/VREditor/Sounds/VR_shep_scale_up_04_Cue.uasset" 335
"../../../Engine/Content/VREditor/Sounds/VR_teleport.uasset" 336
"../../../Engine/Content/VREditor/Sounds/VR_teleport_Cue.uasset" 337
"../../../Engine/Content/VREditor/Sounds/VR_ungrab.uasset" 338
"../../../Engine/Content/VREditor/Sounds/VR_ungrab_Cue.uasset" 339
"../../../Engine/Content/VREditor/Sounds/VR_WorldMoveLoop_01.uasset" 340
"../../../Engine/Content/VREditor/Sounds/VR_WorldMoveLoop_01_Cue.uasset" 341
"../../../Engine/Content/VREditor/Sounds/VR_WorldMoveLoop_02.uasset" 342
"../../../Engine/Content/VREditor/Sounds/VR_WorldMoveLoop_02_Cue.uasset" 343
"../../../Engine/Content/VREditor/Sounds/UI/Click_on_Button.uasset" 344
"../../../Engine/Content/VREditor/Sounds/UI/Click_on_Button_Cue.uasset" 345
"../../../Engine/Content/VREditor/LaserPointer/VR_LaserPower_01.uasset" 346
"../../../Engine/Content/VREditor/TransformGizmo/TransformGizmoMaterial.uasset" 347
"../../../Engine/Content/VREditor/TransformGizmo/TranslucentTransformGizmoMaterial.uasset" 348
"../../../Engine/Content/VREditor/TransformGizmo/BoundingBoxCorner.uasset" 349
"../../../Engine/Content/VREditor/TransformGizmo/BoundingBoxEdge.uasset" 350
"../../../Engine/Content/VREditor/TransformGizmo/PlaneTranslationHandle.uasset" 351
"../../../Engine/Content/VREditor/TransformGizmo/Main.uasset" 352
"../../../Engine/Content/VREditor/TransformGizmo/Xray.uasset" 353
"../../../Engine/Content/VREditor/TransformGizmo/SM_Sequencer_Key.uasset" 354
"../../../Engine/Content/VREditor/TransformGizmo/SM_Sequencer_Node.uasset" 355
"../../../../../../Users/Denise/Documents/GitHub/CorreVejiganteMob/Content/FXVarietyPack/EpicContent/Blueprints/BP_DemoDisplay_Enum.uasset" 356
"../../../../../../Users/Denise/Documents/GitHub/CorreVejiganteMob/Content/FXVarietyPack/EpicContent/Blueprints/BP_DemoRoom_Enum.uasset" 357
"../../../../../../Users/Denise/Documents/GitHub/CorreVejiganteMob/Content/ThirdPersonBP/Blueprints/Floor/Materials/Yunque/ETC/Maleza.uasset" 358
"../../../../../../Users/Denise/Documents/GitHub/CorreVejiganteMob/Content/ThirdPersonBP/Blueprints/Floor/Materials/Yunque/ETC/Maleza_Mat.uasset" 359
"../../../../../../Users/Denise/Documents/GitHub/CorreVejiganteMob/Content/ThirdPersonBP/Blueprints/Obstacles/Yunque/UFO.uasset" 360
"../../../../../../Users/Denise/Documents/GitHub/CorreVejiganteMob/Content/ThirdPersonBP/Blueprints/Obstacles/Yunque/UFO_Sprite_0.uasset" 361
"../../../../../../Users/Denise/Documents/GitHub/CorreVejiganteMob/Content/ThirdPersonBP/Blueprints/Obstacles/Yunque/UFO_Sprite_1.uasset" 362
"../../../../../../Users/Denise/Documents/GitHub/CorreVejiganteMob/Content/ThirdPersonBP/Blueprints/Obstacles/Yunque/UFO1.uasset" 363
"../../../Engine/Content/ArtTools/RenderToTexture/Enums/RenderToTexture_Enum.uasset" 364
"../../../Engine/Content/ArtTools/RenderToTexture/Enums/RenderToTexture_Flipbook_Enum.uasset" 365
"../../../Engine/Content/ArtTools/RenderToTexture/Enums/RenderToTexture_Imposter_Enum.uasset" 366
"../../../Engine/Content/EditorBlueprintResources/StandardMacros.uasset" 367
"../../../Engine/Content/ArtTools/RenderToTexture/Enums/EIntTypes.uasset" 368
"../../../Engine/Content/ArtTools/RenderToTexture/Macros/RenderToTextureFunctionLibrary.uasset" 369
"../../../Engine/Content/ArtTools/RenderToTexture/Enums/EFloatTypes.uasset" 370
"../../../Engine/Content/ArtTools/RenderToTexture/Macros/RenderToTextureMacros.uasset" 371
"../../Plugins/2D/Paper2D/Content/PlaceholderTextures/DummySpriteTexture.uasset" 372
"../../Plugins/2D/Paper2D/Content/DummySprite.uasset" 373
"../../Plugins/2D/Paper2D/Content/DefaultPaperTerrainMaterial.uasset" 374
"../../Plugins/2D/Paper2D/Content/DefaultSpriteMaterial.uasset" 375
"../../Plugins/2D/Paper2D/Content/MaskedUnlitSpriteMaterial.uasset" 376
"../../Plugins/2D/Paper2D/Content/OpaqueUnlitSpriteMaterial.uasset" 377
"../../Plugins/Enterprise/DatasmithContent/Content/Blueprints/FBXImporter/ArrayOfActor.uasset" 378
"../../Plugins/Enterprise/DatasmithContent/Content/Blueprints/FBXImporter/ArrayOfSwitch.uasset" 379
"../../Plugins/Enterprise/DatasmithContent/Content/Blueprints/FBXImporter/BP_SceneNode.uasset" 380
"../../Plugins/Enterprise/DatasmithContent/Content/Blueprints/FBXImporter/BP_Switch.uasset" 381
"../../Plugins/Enterprise/DatasmithContent/Content/Blueprints/FBXImporter/BP_SceneRoot.uasset" 382
"../../Plugins/Enterprise/DatasmithContent/Content/Blueprints/FBXImporter/FBXImporterUtils.uasset" 383
"../../Plugins/Enterprise/DatasmithContent/Content/Blueprints/FBXImporter/Animation/DeltaGenAnimationTrackType.uasset" 384
"../../Plugins/Enterprise/DatasmithContent/Content/Blueprints/FBXImporter/Animation/VREDAnimationTrackComponent.uasset" 385
"../../Plugins/Enterprise/DatasmithContent/Content/Blueprints/FBXImporter/Animation/VREDAnimationTrackType.uasset" 386
"../../Plugins/Enterprise/DatasmithContent/Content/Blueprints/FBXImporter/Variants/VariantSwitchType.uasset" 387
"../../Plugins/Enterprise/DatasmithContent/Content/Blueprints/FBXImporter/Variants/VREDVariantSwitchType.uasset" 388
"../../Plugins/Runtime/Oculus/OculusVR/Content/Materials/PokeAHoleMaterial.uasset" 389
"../../Plugins/Runtime/Oculus/OculusVR/Content/Textures/GearVRController_AO.uasset" 390
"../../Plugins/Runtime/Oculus/OculusVR/Content/Textures/GearVRController_Color.uasset" 391
"../../Plugins/Runtime/Oculus/OculusVR/Content/Textures/GearVRController_Normal.uasset" 392
"../../Plugins/Runtime/Oculus/OculusVR/Content/Materials/GearVRControllerMaterial.uasset" 393
"../../Plugins/Runtime/Oculus/OculusVR/Content/Meshes/GearVrController.uasset" 394
"../../Plugins/Runtime/Oculus/OculusVR/Content/Textures/touchController_albedo.uasset" 395
"../../Plugins/Runtime/Oculus/OculusVR/Content/Textures/touchController_controlmap.uasset" 396
"../../Plugins/Runtime/Oculus/OculusVR/Content/Materials/touchController_mat.uasset" 397
"../../Plugins/Runtime/Oculus/OculusVR/Content/Meshes/LeftTouchController.uasset" 398
"../../Plugins/Runtime/Oculus/OculusVR/Content/Meshes/RiftHMD.uasset" 399
"../../Plugins/Runtime/Oculus/OculusVR/Content/Meshes/RightTouchController.uasset" 400
"../../../../../../Users/Denise/Documents/GitHub/CorreVejiganteMob/Content/ThirdPersonBP/Blueprints/Obstacles/Yunque/UFO_roto.uasset" 401
"../../../../../../Users/Denise/Documents/GitHub/CorreVejiganteMob/Content/ThirdPersonBP/Blueprints/Obstacles/Yunque/UFO_roto_Sprite.uasset" 402
"../../../../../../Users/Denise/Documents/GitHub/CorreVejiganteMob/Content/ThirdPersonBP/Blueprints/Obstacles/Yunque/UFO_roto_Flipbook.uasset" 403
"../../../Engine/Content/Maps/Entry_BuiltData.uasset" 404
"../../../Engine/Content/Maps/Entry.umap" 405
"../../../../../../Users/Denise/Documents/GitHub/CorreVejiganteMob/Content/Mannequin/Character/Mesh/SK_Mannequin_Skeleton.uasset" 406
"../../../../../../Users/Denise/Documents/GitHub/CorreVejiganteMob/Content/Mannequin/Animations/ThirdPersonJump_End.uasset" 407
"../../../../../../Users/Denise/Documents/GitHub/CorreVejiganteMob/Content/Mannequin/Animations/ThirdPersonJump_Loop.uasset" 408
"../../../../../../Users/Denise/Documents/GitHub/CorreVejiganteMob/Content/Mannequin/Animations/ThirdPersonJump_Start.uasset" 409
"../../../../../../Users/Denise/Documents/GitHub/CorreVejiganteMob/Content/Mannequin/Animations/ThirdPersonIdle.uasset" 410
"../../../../../../Users/Denise/Documents/GitHub/CorreVejiganteMob/Content/Mannequin/Animations/ThirdPersonRun.uasset" 411
"../../../../../../Users/Denise/Documents/GitHub/CorreVejiganteMob/Content/Mannequin/Animations/ThirdPersonWalk.uasset" 412
"../../../../../../Users/Denise/Documents/GitHub/CorreVejiganteMob/Content/Mannequin/Animations/ThirdPerson_IdleRun_2D.uasset" 413
"../../../../../../Users/Denise/Documents/GitHub/CorreVejiganteMob/Content/Mannequin/Animations/ThirdPerson_AnimBP.uasset" 414
"../../../../../../Users/Denise/Documents/GitHub/CorreVejiganteMob/Content/ThirdPersonBP/Blueprints/Items/Toston/Tostoncito.uasset" 415
"../../../../../../Users/Denise/Documents/GitHub/CorreVejiganteMob/Content/ThirdPersonBP/Blueprints/Items/Toston/Tostoncito_Sprite.uasset" 416
"../../../../../../Users/Denise/Documents/GitHub/CorreVejiganteMob/Content/ThirdPersonBP/Blueprints/Items/Toston/Toston_BP.uasset" 417
"../../../../../../Users/Denise/Documents/GitHub/CorreVejiganteMob/Content/ThirdPersonBP/Blueprints/Floor/Materials/VSJ/ETC/Balcon.uasset" 418
"../../../../../../Users/Denise/Documents/GitHub/CorreVejiganteMob/Content/ThirdPersonBP/Blueprints/Floor/Materials/VSJ/ETC/Balcon_Mat.uasset" 419
"../../../../../../Users/Denise/Documents/GitHub/CorreVejiganteMob/Content/ThirdPersonBP/Blueprints/Floor/Materials/VSJ/ETC/Techo.uasset" 420
"../../../../../../Users/Denise/Documents/GitHub/CorreVejiganteMob/Content/ThirdPersonBP/Blueprints/Floor/Materials/VSJ/ETC/Techo_Mat.uasset" 421
"../../../../../../Users/Denise/Documents/GitHub/CorreVejiganteMob/Content/ThirdPersonBP/Blueprints/Floor/Materials/Yunque/ETC/Maleza_block.uasset" 422
"../../../../../../Users/Denise/Documents/GitHub/CorreVejiganteMob/Content/ThirdPersonBP/Blueprints/Floor/Materials/Yunque/ETC/Maleza_block_Mat.uasset" 423
"../../../Engine/Content/BasicShapes/Cube.uasset" 424
"../../../Engine/Content/BasicShapes/Plane.uasset" 425
"../../../../../../Users/Denise/Documents/GitHub/CorreVejiganteMob/Content/ThirdPersonBP/Blueprints/Floor/2LaneBlockFloor_BP.uasset" 426
"../../../../../../Users/Denise/Documents/GitHub/CorreVejiganteMob/Content/ThirdPersonBP/Blueprints/Floor/BasicFloor_Dup.uasset" 427
"../../../Engine/Content/EngineResources/Black.uasset" 428
"../../../../../../Users/Denise/Documents/GitHub/CorreVejiganteMob/Content/InfinityBladeEffects/Effects/Masters/M_Add_Sprite_Master_DepthFade.uasset" 429
"../../../../../../Users/Denise/Documents/GitHub/CorreVejiganteMob/Content/InfinityBladeEffects/Effects/FX_Textures/Gradient/T_SoftFallOff.uasset" 430
"../../../../../../Users/Denise/Documents/GitHub/CorreVejiganteMob/Content/InfinityBladeEffects/Effects/FX_Materials/Gradient/M_Flare_03_INST.uasset" 431
"../../../../../../Users/Denise/Documents/GitHub/CorreVejiganteMob/Content/InfinityBladeEffects/Effects/Masters/M_Add_Sprite_Master.uasset" 432
"../../../../../../Users/Denise/Documents/GitHub/CorreVejiganteMob/Content/InfinityBladeEffects/Effects/FX_Textures/Gradient/T_BlastWave.uasset" 433
"../../../../../../Users/Denise/Documents/GitHub/CorreVejiganteMob/Content/InfinityBladeEffects/Effects/FX_Materials/M_Shockwave_01_ADD_INST.uasset" 434
"../../../../../../Users/Denise/Documents/GitHub/CorreVejiganteMob/Content/InfinityBladeEffects/Effects/FX_Textures/Gradient/T_GlowNoise_01.uasset" 435
"../../../../../../Users/Denise/Documents/GitHub/CorreVejiganteMob/Content/InfinityBladeEffects/Effects/FX_Materials/M_Shockwave_03_Add_INST.uasset" 436
"../../../../../../Users/Denise/Documents/GitHub/CorreVejiganteMob/Content/InfinityBladeEffects/Effects/FX_Skill_Aura/P_Aura_Poison_Upheaval_Charge_01.uasset" 437
"../../../../../../Users/Denise/Documents/GitHub/CorreVejiganteMob/Content/ThirdPersonBP/Blueprints/Items/BadPlatano/BadPlatano.uasset" 438
"../../../../../../Users/Denise/Documents/GitHub/CorreVejiganteMob/Content/ThirdPersonBP/Blueprints/Items/BadPlatano/BadPlatano_Sprite.uasset" 439
"../../../../../../Users/Denise/Documents/GitHub/CorreVejiganteMob/Content/ThirdPersonBP/Blueprints/Items/BadPlatano/BadPlatano_BP.uasset" 440
"../../../../../../Users/Denise/Documents/GitHub/CorreVejiganteMob/Content/ThirdPersonBP/Blueprints/Obstacles/Sprites/Sheets/Borrachito.uasset" 441
"../../../../../../Users/Denise/Documents/GitHub/CorreVejiganteMob/Content/ThirdPersonBP/Blueprints/Obstacles/Sprites/Sheets/Borrachito_Sprite_0.uasset" 442
"../../../../../../Users/Denise/Documents/GitHub/CorreVejiganteMob/Content/ThirdPersonBP/Blueprints/Obstacles/Sprites/Sheets/Borrachito_Sprite_1.uasset" 443
"../../../../../../Users/Denise/Documents/GitHub/CorreVejiganteMob/Content/ThirdPersonBP/Blueprints/Obstacles/Sprites/Sheets/Borrachito_Sprite_2.uasset" 444
"../../../../../../Users/Denise/Documents/GitHub/CorreVejiganteMob/Content/ThirdPersonBP/Blueprints/Obstacles/Sprites/Sheets/Borrachito_Sprite_3.uasset" 445
"../../../../../../Users/Denise/Documents/GitHub/CorreVejiganteMob/Content/ThirdPersonBP/Blueprints/Obstacles/Sprites/Animations/Borrachito1.uasset" 446
"../../../../../../Users/Denise/Documents/GitHub/CorreVejiganteMob/Content/ThirdPersonBP/Blueprints/Obstacles/Sprites/Sheets/Piraguero.uasset" 447
"../../../../../../Users/Denise/Documents/GitHub/CorreVejiganteMob/Content/ThirdPersonBP/Blueprints/Obstacles/Sprites/Sheets/Piraguero_Sprite_0.uasset" 448
"../../../../../../Users/Denise/Documents/GitHub/CorreVejiganteMob/Content/ThirdPersonBP/Blueprints/Obstacles/Sprites/Sheets/Piraguero_Sprite_1.uasset" 449
"../../../../../../Users/Denise/Documents/GitHub/CorreVejiganteMob/Content/ThirdPersonBP/Blueprints/Obstacles/Sprites/Sheets/Piraguero_Sprite_2.uasset" 450
"../../../../../../Users/Denise/Documents/GitHub/CorreVejiganteMob/Content/ThirdPersonBP/Blueprints/Obstacles/Sprites/Sheets/Piraguero_Sprite_3.uasset" 451
"../../../../../../Users/Denise/Documents/GitHub/CorreVejiganteMob/Content/ThirdPersonBP/Blueprints/Obstacles/Sprites/Animations/Piraguero1.uasset" 452
"../../../../../../Users/Denise/Documents/GitHub/CorreVejiganteMob/Content/ThirdPersonBP/Blueprints/Obstacles/Sprites/Sheets/Quica.uasset" 453
"../../../../../../Users/Denise/Documents/GitHub/CorreVejiganteMob/Content/ThirdPersonBP/Blueprints/Obstacles/Sprites/Sheets/Quica_Sprite_0.uasset" 454
"../../../../../../Users/Denise/Documents/GitHub/CorreVejiganteMob/Content/ThirdPersonBP/Blueprints/Obstacles/Sprites/Sheets/Quica_Sprite_1.uasset" 455
"../../../../../../Users/Denise/Documents/GitHub/CorreVejiganteMob/Content/ThirdPersonBP/Blueprints/Obstacles/Sprites/Sheets/Quica_Sprite_2.uasset" 456
"../../../../../../Users/Denise/Documents/GitHub/CorreVejiganteMob/Content/ThirdPersonBP/Blueprints/Obstacles/Sprites/Sheets/Quica_Sprite_3.uasset" 457
"../../../../../../Users/Denise/Documents/GitHub/CorreVejiganteMob/Content/ThirdPersonBP/Blueprints/Obstacles/Sprites/Animations/Quica1.uasset" 458
"../../../../../../Users/Denise/Documents/GitHub/CorreVejiganteMob/Content/ThirdPersonBP/Blueprints/Obstacles/Sprites/Sheets/Vejigante_Sancos.uasset" 459
"../../../../../../Users/Denise/Documents/GitHub/CorreVejiganteMob/Content/ThirdPersonBP/Blueprints/Obstacles/Sprites/Sheets/Vejigante_Sancos_Sprite_0.uasset" 460
"../../../../../../Users/Denise/Documents/GitHub/CorreVejiganteMob/Content/ThirdPersonBP/Blueprints/Obstacles/Sprites/Sheets/Vejigante_Sancos_Sprite_1.uasset" 461
"../../../../../../Users/Denise/Documents/GitHub/CorreVejiganteMob/Content/ThirdPersonBP/Blueprints/Obstacles/Sprites/Sheets/Vejigante_Sancos_Sprite_2.uasset" 462
"../../../../../../Users/Denise/Documents/GitHub/CorreVejiganteMob/Content/ThirdPersonBP/Blueprints/Obstacles/Sprites/Sheets/Vejigante_Sancos_Sprite_3.uasset" 463
"../../../../../../Users/Denise/Documents/GitHub/CorreVejiganteMob/Content/ThirdPersonBP/Blueprints/Obstacles/Sprites/Animations/Vejigante_Sancos1.uasset" 464
"../../../../../../Users/Denise/Documents/GitHub/CorreVejiganteMob/Content/ThirdPersonBP/Blueprints/Obstacles/Sprites/Sheets/Letrero.uasset" 465
"../../../../../../Users/Denise/Documents/GitHub/CorreVejiganteMob/Content/ThirdPersonBP/Blueprints/Obstacles/Sprites/Stills/Letrero_Sprite.uasset" 466
"../../../../../../Users/Denise/Documents/GitHub/CorreVejiganteMob/Content/ThirdPersonBP/Blueprints/Obstacles/Sprites/Stills/Letrero_Flipbook.uasset" 467
"../../../../../../Users/Denise/Documents/GitHub/CorreVejiganteMob/Content/ThirdPersonBP/Blueprints/Obstacles/Sprites/Sheets/Traffic_Drone.uasset" 468
"../../../../../../Users/Denise/Documents/GitHub/CorreVejiganteMob/Content/ThirdPersonBP/Blueprints/Obstacles/Sprites/Stills/Traffic_Drone_Sprite.uasset" 469
"../../../../../../Users/Denise/Documents/GitHub/CorreVejiganteMob/Content/ThirdPersonBP/Blueprints/Obstacles/Sprites/Stills/Traffic_Drone_Flipbook.uasset" 470
"../../../../../../Users/Denise/Documents/GitHub/CorreVejiganteMob/Content/ThirdPersonBP/Blueprints/Obstacles/Sprites/Stills/zafacon_rojo.uasset" 471
"../../../../../../Users/Denise/Documents/GitHub/CorreVejiganteMob/Content/ThirdPersonBP/Blueprints/Obstacles/Sprites/Stills/zafacon_rojo_Sprite_0.uasset" 472
"../../../../../../Users/Denise/Documents/GitHub/CorreVejiganteMob/Content/ThirdPersonBP/Blueprints/Obstacles/Sprites/Stills/zafacon_rojo1.uasset" 473
"../../../../../../Users/Denise/Documents/GitHub/CorreVejiganteMob/Content/ThirdPersonBP/Blueprints/Obstacles/Sprites/Stills/zafacon_verde.uasset" 474
"../../../../../../Users/Denise/Documents/GitHub/CorreVejiganteMob/Content/ThirdPersonBP/Blueprints/Obstacles/Sprites/Stills/zafacon_verde_Sprite_0.uasset" 475
"../../../../../../Users/Denise/Documents/GitHub/CorreVejiganteMob/Content/ThirdPersonBP/Blueprints/Obstacles/Sprites/Stills/zafacon_verde1.uasset" 476
"../../../../../../Users/Denise/Documents/GitHub/CorreVejiganteMob/Content/ThirdPersonBP/Blueprints/Obstacles/Yunque/Deshidrataito.uasset" 477
"../../../../../../Users/Denise/Documents/GitHub/CorreVejiganteMob/Content/ThirdPersonBP/Blueprints/Obstacles/Yunque/Deshidrataito_Sprite_0.uasset" 478
"../../../../../../Users/Denise/Documents/GitHub/CorreVejiganteMob/Content/ThirdPersonBP/Blueprints/Obstacles/Yunque/Deshidrataito_Sprite_1.uasset" 479
"../../../../../../Users/Denise/Documents/GitHub/CorreVejiganteMob/Content/ThirdPersonBP/Blueprints/Obstacles/Yunque/Deshidrataito_Sprite_2.uasset" 480
"../../../../../../Users/Denise/Documents/GitHub/CorreVejiganteMob/Content/ThirdPersonBP/Blueprints/Obstacles/Yunque/Deshidrataito_Sprite_3.uasset" 481
"../../../../../../Users/Denise/Documents/GitHub/CorreVejiganteMob/Content/ThirdPersonBP/Blueprints/Obstacles/Yunque/Deshidrataito1.uasset" 482
"../../../../../../Users/Denise/Documents/GitHub/CorreVejiganteMob/Content/ThirdPersonBP/Blueprints/Obstacles/Yunque/Estudiante.uasset" 483
"../../../../../../Users/Denise/Documents/GitHub/CorreVejiganteMob/Content/ThirdPersonBP/Blueprints/Obstacles/Yunque/Estudiante_Sprite_0.uasset" 484
"../../../../../../Users/Denise/Documents/GitHub/CorreVejiganteMob/Content/ThirdPersonBP/Blueprints/Obstacles/Yunque/Estudiante_Sprite_1.uasset" 485
"../../../../../../Users/Denise/Documents/GitHub/CorreVejiganteMob/Content/ThirdPersonBP/Blueprints/Obstacles/Yunque/Estudiante_Sprite_2.uasset" 486
"../../../../../../Users/Denise/Documents/GitHub/CorreVejiganteMob/Content/ThirdPersonBP/Blueprints/Obstacles/Yunque/Estudiante_Sprite_3.uasset" 487
"../../../../../../Users/Denise/Documents/GitHub/CorreVejiganteMob/Content/ThirdPersonBP/Blueprints/Obstacles/Yunque/Estudiante1.uasset" 488
"../../../../../../Users/Denise/Documents/GitHub/CorreVejiganteMob/Content/ThirdPersonBP/Blueprints/Obstacles/Yunque/Happy_camper.uasset" 489
"../../../../../../Users/Denise/Documents/GitHub/CorreVejiganteMob/Content/ThirdPersonBP/Blueprints/Obstacles/Yunque/Happy_camper_Sprite_0.uasset" 490
"../../../../../../Users/Denise/Documents/GitHub/CorreVejiganteMob/Content/ThirdPersonBP/Blueprints/Obstacles/Yunque/Happy_camper_Sprite_1.uasset" 491
"../../../../../../Users/Denise/Documents/GitHub/CorreVejiganteMob/Content/ThirdPersonBP/Blueprints/Obstacles/Yunque/Happy_camper_Sprite_2.uasset" 492
"../../../../../../Users/Denise/Documents/GitHub/CorreVejiganteMob/Content/ThirdPersonBP/Blueprints/Obstacles/Yunque/Happy_camper_Sprite_3.uasset" 493
"../../../../../../Users/Denise/Documents/GitHub/CorreVejiganteMob/Content/ThirdPersonBP/Blueprints/Obstacles/Yunque/Happy_camper1.uasset" 494
"../../../../../../Users/Denise/Documents/GitHub/CorreVejiganteMob/Content/ThirdPersonBP/Blueprints/Obstacles/Yunque/Letrero_.uasset" 495
"../../../../../../Users/Denise/Documents/GitHub/CorreVejiganteMob/Content/ThirdPersonBP/Blueprints/Obstacles/Yunque/Letrero__Sprite.uasset" 496
"../../../../../../Users/Denise/Documents/GitHub/CorreVejiganteMob/Content/ThirdPersonBP/Blueprints/Obstacles/Yunque/Letrero_Flipbook.uasset" 497
"../../../../../../Users/Denise/Documents/GitHub/CorreVejiganteMob/Content/ThirdPersonBP/Blueprints/Obstacles/Yunque/Passerby.uasset" 498
"../../../../../../Users/Denise/Documents/GitHub/CorreVejiganteMob/Content/ThirdPersonBP/Blueprints/Obstacles/Yunque/Passerby_Sprite_0.uasset" 499
"../../../../../../Users/Denise/Documents/GitHub/CorreVejiganteMob/Content/ThirdPersonBP/Blueprints/Obstacles/Yunque/Passerby_Sprite_1.uasset" 500
"../../../../../../Users/Denise/Documents/GitHub/CorreVejiganteMob/Content/ThirdPersonBP/Blueprints/Obstacles/Yunque/Passerby_Sprite_2.uasset" 501
"../../../../../../Users/Denise/Documents/GitHub/CorreVejiganteMob/Content/ThirdPersonBP/Blueprints/Obstacles/Yunque/Passerby_Sprite_3.uasset" 502
"../../../../../../Users/Denise/Documents/GitHub/CorreVejiganteMob/Content/ThirdPersonBP/Blueprints/Obstacles/Yunque/Passerby1.uasset" 503
"../../../../../../Users/Denise/Documents/GitHub/CorreVejiganteMob/Content/ThirdPersonBP/Blueprints/Obstacles/Obstacle_BP.uasset" 504
"../../../../../../Users/Denise/Documents/GitHub/CorreVejiganteMob/Content/ThirdPersonBP/Blueprints/Floor/ObstacleFloor_Dup.uasset" 505
"../../../../../../Users/Denise/Documents/GitHub/CorreVejiganteMob/Content/InfinityBladeEffects/Effects/FX_Skill_Aura/P_Aura_Ice_Upheaval_Charge_01.uasset" 506
"../../../../../../Users/Denise/Documents/GitHub/CorreVejiganteMob/Content/ThirdPersonBP/Blueprints/Items/Multiplier/Mayo_Ketchup-1_png.uasset" 507
"../../../../../../Users/Denise/Documents/GitHub/CorreVejiganteMob/Content/ThirdPersonBP/Blueprints/Items/Multiplier/Mayo_Ketchup-1_png_Sprite.uasset" 508
"../../../../../../Users/Denise/Documents/GitHub/CorreVejiganteMob/Content/ThirdPersonBP/Blueprints/Items/Multiplier/MayoKetMult_BP.uasset" 509
"../../../../../../Users/Denise/Documents/GitHub/CorreVejiganteMob/Content/InfinityBladeEffects/Effects/Masters/M_Add_Sprite_SubUV_Master.uasset" 510
"../../../../../../Users/Denise/Documents/GitHub/CorreVejiganteMob/Content/InfinityBladeEffects/Effects/FX_Textures/Spark/T_Spark_2_2_01.uasset" 511
"../../../../../../Users/Denise/Documents/GitHub/CorreVejiganteMob/Content/InfinityBladeEffects/Effects/FX_Materials/Spark/M_Spark_01_SubUV_2_2_INST.uasset" 512
"../../../../../../Users/Denise/Documents/GitHub/CorreVejiganteMob/Content/InfinityBladeEffects/Effects/FX_Textures/Spark/T_Spark_Core.uasset" 513
"../../../../../../Users/Denise/Documents/GitHub/CorreVejiganteMob/Content/InfinityBladeEffects/Effects/FX_Materials/Spark/M_Spark_Core_01_INST.uasset" 514
"../../../../../../Users/Denise/Documents/GitHub/CorreVejiganteMob/Content/InfinityBladeEffects/Effects/FX_Monsters/FX_Monster_Gruntling/Bomber/P_BomberSparks_Loop.uasset" 515
"../../../../../../Users/Denise/Documents/GitHub/CorreVejiganteMob/Content/ThirdPersonBP/Blueprints/Items/SuperToston/Mofonguito.uasset" 516
"../../../../../../Users/Denise/Documents/GitHub/CorreVejiganteMob/Content/ThirdPersonBP/Blueprints/Items/SuperToston/Mofonguito_Sprite.uasset" 517
"../../../../../../Users/Denise/Documents/GitHub/CorreVejiganteMob/Content/ThirdPersonBP/Blueprints/Items/SuperToston/Toston5_BP.uasset" 518
"../../../../../../Users/Denise/Documents/GitHub/CorreVejiganteMob/Content/ThirdPersonBP/Blueprints/Floor/Materials/VSJ/Sprites/Bailarina_1.uasset" 519
"../../../../../../Users/Denise/Documents/GitHub/CorreVejiganteMob/Content/ThirdPersonBP/Blueprints/Floor/Materials/VSJ/Sprites/Bailarina_1_Sprite_0.uasset" 520
"../../../../../../Users/Denise/Documents/GitHub/CorreVejiganteMob/Content/ThirdPersonBP/Blueprints/Floor/Materials/VSJ/Sprites/Bailarina_1_Sprite_1.uasset" 521
"../../../../../../Users/Denise/Documents/GitHub/CorreVejiganteMob/Content/ThirdPersonBP/Blueprints/Floor/Materials/VSJ/Sprites/Bailarina_1_Sprite_2.uasset" 522
"../../../../../../Users/Denise/Documents/GitHub/CorreVejiganteMob/Content/ThirdPersonBP/Blueprints/Floor/Materials/VSJ/Sprites/Bailarina_1_Sprite_3.uasset" 523
"../../../../../../Users/Denise/Documents/GitHub/CorreVejiganteMob/Content/ThirdPersonBP/Blueprints/Floor/Materials/VSJ/Sprites/Bailarina_3.uasset" 524
"../../../../../../Users/Denise/Documents/GitHub/CorreVejiganteMob/Content/ThirdPersonBP/Blueprints/Floor/Materials/VSJ/Sprites/Bailarina_2.uasset" 525
"../../../../../../Users/Denise/Documents/GitHub/CorreVejiganteMob/Content/ThirdPersonBP/Blueprints/Floor/Materials/VSJ/Sprites/Bailarina_2_Sprite_0.uasset" 526
"../../../../../../Users/Denise/Documents/GitHub/CorreVejiganteMob/Content/ThirdPersonBP/Blueprints/Floor/Materials/VSJ/Sprites/Bailarina_2_Sprite_1.uasset" 527
"../../../../../../Users/Denise/Documents/GitHub/CorreVejiganteMob/Content/ThirdPersonBP/Blueprints/Floor/Materials/VSJ/Sprites/Bailarina_2_Sprite_2.uasset" 528
"../../../../../../Users/Denise/Documents/GitHub/CorreVejiganteMob/Content/ThirdPersonBP/Blueprints/Floor/Materials/VSJ/Sprites/Bailarina_2_Sprite_3.uasset" 529
"../../../../../../Users/Denise/Documents/GitHub/CorreVejiganteMob/Content/ThirdPersonBP/Blueprints/Floor/Materials/VSJ/Sprites/Bailarina_4.uasset" 530
"../../../../../../Users/Denise/Documents/GitHub/CorreVejiganteMob/Content/ThirdPersonBP/Blueprints/Floor/Materials/Yunque/Sprites/Nino_guia_2.uasset" 531
"../../../../../../Users/Denise/Documents/GitHub/CorreVejiganteMob/Content/ThirdPersonBP/Blueprints/Floor/Materials/Yunque/Sprites/Nino_guia_2_Sprite_0.uasset" 532
"../../../../../../Users/Denise/Documents/GitHub/CorreVejiganteMob/Content/ThirdPersonBP/Blueprints/Floor/Materials/Yunque/Sprites/Nino_guia_2_Sprite_1.uasset" 533
"../../../../../../Users/Denise/Documents/GitHub/CorreVejiganteMob/Content/ThirdPersonBP/Blueprints/Floor/Materials/Yunque/Sprites/Nino_guia_2_Sprite_2.uasset" 534
"../../../../../../Users/Denise/Documents/GitHub/CorreVejiganteMob/Content/ThirdPersonBP/Blueprints/Floor/Materials/Yunque/Sprites/Nino_guia_2_Sprite_3.uasset" 535
"../../../../../../Users/Denise/Documents/GitHub/CorreVejiganteMob/Content/ThirdPersonBP/Blueprints/Floor/Materials/Yunque/Sprites/Nino_guia_3.uasset" 536
"../../../../../../Users/Denise/Documents/GitHub/CorreVejiganteMob/Content/ThirdPersonBP/Blueprints/Floor/Materials/Yunque/Sprites/Nino_guia_1.uasset" 537
"../../../../../../Users/Denise/Documents/GitHub/CorreVejiganteMob/Content/ThirdPersonBP/Blueprints/Floor/Materials/Yunque/Sprites/Nino_guia_1_Sprite_0.uasset" 538
"../../../../../../Users/Denise/Documents/GitHub/CorreVejiganteMob/Content/ThirdPersonBP/Blueprints/Floor/Materials/Yunque/Sprites/Nino_guia_1_Sprite_1.uasset" 539
"../../../../../../Users/Denise/Documents/GitHub/CorreVejiganteMob/Content/ThirdPersonBP/Blueprints/Floor/Materials/Yunque/Sprites/Nino_guia_1_Sprite_2.uasset" 540
"../../../../../../Users/Denise/Documents/GitHub/CorreVejiganteMob/Content/ThirdPersonBP/Blueprints/Floor/Materials/Yunque/Sprites/Nino_guia_1_Sprite_3.uasset" 541
"../../../../../../Users/Denise/Documents/GitHub/CorreVejiganteMob/Content/ThirdPersonBP/Blueprints/Floor/Materials/Yunque/Sprites/Nino_guia_4.uasset" 542
"../../../../../../Users/Denise/Documents/GitHub/CorreVejiganteMob/Content/ThirdPersonBP/Blueprints/Floor/PeopleFloor_Child.uasset" 543
"../../../../../../Users/Denise/Documents/GitHub/CorreVejiganteMob/Content/ThirdPersonBP/Blueprints/Floor/Materials/VSJ/Sprites/Sombrillas.uasset" 544
"../../../../../../Users/Denise/Documents/GitHub/CorreVejiganteMob/Content/ThirdPersonBP/Blueprints/Floor/Materials/VSJ/Sprites/Sombrillas_Sprite.uasset" 545
"../../../../../../Users/Denise/Documents/GitHub/CorreVejiganteMob/Content/ThirdPersonBP/Blueprints/Floor/Materials/Yunque/Sprites/Tree_canopy.uasset" 546
"../../../../../../Users/Denise/Documents/GitHub/CorreVejiganteMob/Content/ThirdPersonBP/Blueprints/Floor/Materials/Yunque/Sprites/Tree_canopy_Sprite.uasset" 547
"../../../../../../Users/Denise/Documents/GitHub/CorreVejiganteMob/Content/ThirdPersonBP/Blueprints/Floor/SombrillaFloor_BP.uasset" 548
"../../../../../../Users/Denise/Documents/GitHub/CorreVejiganteMob/Content/ThirdPersonBP/Blueprints/Floor/Materials/VSJ/Paredes/Arco.uasset" 549
"../../../../../../Users/Denise/Documents/GitHub/CorreVejiganteMob/Content/ThirdPersonBP/Blueprints/Floor/Materials/VSJ/Paredes/Arco_Mat.uasset" 550
"../../../../../../Users/Denise/Documents/GitHub/CorreVejiganteMob/Content/ThirdPersonBP/Blueprints/Floor/Materials/VSJ/Piso/AdoquinesPiso.uasset" 551
"../../../../../../Users/Denise/Documents/GitHub/CorreVejiganteMob/Content/ThirdPersonBP/Blueprints/Floor/Materials/VSJ/Piso/AdoquinesPiso_Mat.uasset" 552
"../../../../../../Users/Denise/Documents/GitHub/CorreVejiganteMob/Content/ThirdPersonBP/Blueprints/Floor/Materials/Yunque/Paredes/ParedesDone.uasset" 553
"../../../../../../Users/Denise/Documents/GitHub/CorreVejiganteMob/Content/ThirdPersonBP/Blueprints/Floor/Materials/Yunque/Paredes/YunqueParedes.uasset" 554
"../../../../../../Users/Denise/Documents/GitHub/CorreVejiganteMob/Content/ThirdPersonBP/Blueprints/Floor/Materials/Yunque/Piso/PisoYunque.uasset" 555
"../../../../../../Users/Denise/Documents/GitHub/CorreVejiganteMob/Content/ThirdPersonBP/Blueprints/Floor/Materials/Yunque/Piso/PisoYunque_Mat.uasset" 556
"../../../../../../Users/Denise/Documents/GitHub/CorreVejiganteMob/Content/ThirdPersonBP/Blueprints/Floor/Materials/VSJ/Sprites/Taxi.uasset" 557
"../../../../../../Users/Denise/Documents/GitHub/CorreVejiganteMob/Content/ThirdPersonBP/Blueprints/Floor/Materials/VSJ/Sprites/Taxi_Sprite_0.uasset" 558
"../../../../../../Users/Denise/Documents/GitHub/CorreVejiganteMob/Content/ThirdPersonBP/Blueprints/Floor/Materials/VSJ/Sprites/Taxi_Sprite_1.uasset" 559
"../../../../../../Users/Denise/Documents/GitHub/CorreVejiganteMob/Content/ThirdPersonBP/Blueprints/Floor/Materials/VSJ/Sprites/Taxi1.uasset" 560
"../../../../../../Users/Denise/Documents/GitHub/CorreVejiganteMob/Content/ThirdPersonBP/Blueprints/Floor/Materials/Yunque/Sprites/UFO.uasset" 561
"../../../../../../Users/Denise/Documents/GitHub/CorreVejiganteMob/Content/ThirdPersonBP/Blueprints/Floor/Materials/Yunque/Sprites/UFO_Sprite_0.uasset" 562
"../../../../../../Users/Denise/Documents/GitHub/CorreVejiganteMob/Content/ThirdPersonBP/Blueprints/Floor/Materials/Yunque/Sprites/UFO_Sprite_1.uasset" 563
"../../../../../../Users/Denise/Documents/GitHub/CorreVejiganteMob/Content/ThirdPersonBP/Blueprints/Floor/Materials/Yunque/Sprites/UFO1.uasset" 564
"../../../../../../Users/Denise/Documents/GitHub/CorreVejiganteMob/Content/ThirdPersonBP/Blueprints/Floor/Taxi_Floor.uasset" 565
"../../../../../../Users/Denise/Documents/GitHub/CorreVejiganteMob/Content/ThirdPersonBP/Blueprints/Floor/Materials/VSJ/ETC/Cinta_Policia-1_png.uasset" 566
"../../../../../../Users/Denise/Documents/GitHub/CorreVejiganteMob/Content/ThirdPersonBP/Blueprints/Floor/Materials/VSJ/ETC/Cinta_Policia-1_png_Sprite.uasset" 567
"../../../../../../Users/Denise/Documents/GitHub/CorreVejiganteMob/Content/ThirdPersonBP/Blueprints/Floor/Materials/VSJ/Sprites/Autoparlante.uasset" 568
"../../../../../../Users/Denise/Documents/GitHub/CorreVejiganteMob/Content/ThirdPersonBP/Blueprints/Floor/Materials/VSJ/Sprites/Autoparlante_Sprite_0.uasset" 569
"../../../../../../Users/Denise/Documents/GitHub/CorreVejiganteMob/Content/ThirdPersonBP/Blueprints/Floor/Materials/VSJ/Sprites/Autoparlante_Sprite_1.uasset" 570
"../../../../../../Users/Denise/Documents/GitHub/CorreVejiganteMob/Content/ThirdPersonBP/Blueprints/Floor/Materials/VSJ/Sprites/Autoparlante_Sprite_2.uasset" 571
"../../../../../../Users/Denise/Documents/GitHub/CorreVejiganteMob/Content/ThirdPersonBP/Blueprints/Floor/Materials/VSJ/Sprites/Autoparlante1.uasset" 572
"../../../../../../Users/Denise/Documents/GitHub/CorreVejiganteMob/Content/ThirdPersonBP/Blueprints/Floor/Materials/Yunque/ETC/Maleza_Sprite.uasset" 573
"../../../../../../Users/Denise/Documents/GitHub/CorreVejiganteMob/Content/ThirdPersonBP/Blueprints/Floor/Materials/Yunque/Sprites/Machete.uasset" 574
"../../../../../../Users/Denise/Documents/GitHub/CorreVejiganteMob/Content/ThirdPersonBP/Blueprints/Floor/Materials/Yunque/Sprites/Machete_Sprite_0.uasset" 575
"../../../../../../Users/Denise/Documents/GitHub/CorreVejiganteMob/Content/ThirdPersonBP/Blueprints/Floor/Materials/Yunque/Sprites/Machete_Sprite_1.uasset" 576
"../../../../../../Users/Denise/Documents/GitHub/CorreVejiganteMob/Content/ThirdPersonBP/Blueprints/Floor/Materials/Yunque/Sprites/Machete1.uasset" 577
"../../../../../../Users/Denise/Documents/GitHub/CorreVejiganteMob/Content/ThirdPersonBP/Blueprints/Floor/UnlockFloor_Dup.uasset" 578
"../../../../../../Users/Denise/Documents/GitHub/CorreVejiganteMob/Content/ThirdPersonBP/Blueprints/Floor/Materials/VSJ/ETC/Panel-1_png.uasset" 579
"../../../../../../Users/Denise/Documents/GitHub/CorreVejiganteMob/Content/ThirdPersonBP/Blueprints/Floor/Materials/VSJ/ETC/Panel-1_png_Mat.uasset" 580
"../../../../../../Users/Denise/Documents/GitHub/CorreVejiganteMob/Content/ThirdPersonBP/Blueprints/Floor/Materials/VSJ/Piso/Agua.uasset" 581
"../../../../../../Users/Denise/Documents/GitHub/CorreVejiganteMob/Content/ThirdPersonBP/Blueprints/Floor/Materials/VSJ/Piso/Agua_Sprite_0.uasset" 582
"../../../../../../Users/Denise/Documents/GitHub/CorreVejiganteMob/Content/ThirdPersonBP/Blueprints/Floor/Materials/VSJ/Piso/Agua_Sprite_1.uasset" 583
"../../../../../../Users/Denise/Documents/GitHub/CorreVejiganteMob/Content/ThirdPersonBP/Blueprints/Floor/Materials/VSJ/Piso/Agua_Sprite_2.uasset" 584
"../../../../../../Users/Denise/Documents/GitHub/CorreVejiganteMob/Content/ThirdPersonBP/Blueprints/Floor/Materials/VSJ/Piso/Agua_Sprite_3.uasset" 585
"../../../../../../Users/Denise/Documents/GitHub/CorreVejiganteMob/Content/ThirdPersonBP/Blueprints/Floor/Materials/VSJ/Piso/Agua1.uasset" 586
"../../../../../../Users/Denise/Documents/GitHub/CorreVejiganteMob/Content/ThirdPersonBP/Blueprints/Floor/WaterFloor_Child.uasset" 587
"../../../Engine/Content/EngineSounds/S_Volume_Mix.uasset" 588
"../../../../../../Users/Denise/Documents/GitHub/CorreVejiganteMob/Content/ThirdPersonBP/Blueprints/Audio/S_Effects_Class.uasset" 589
"../../../../../../Users/Denise/Documents/GitHub/CorreVejiganteMob/Content/ThirdPersonBP/Blueprints/Audio/S_Music_Class.uasset" 590
"../../../../../../Users/Denise/Documents/GitHub/CorreVejiganteMob/Content/ThirdPersonBP/Blueprints/Audio/VSJv2JPomales.uasset" 591
"../../../../../../Users/Denise/Documents/GitHub/CorreVejiganteMob/Content/ThirdPersonBP/Blueprints/Widgets/FontLato/Lato-Bold.uasset" 592
"../../../../../../Users/Denise/Documents/GitHub/CorreVejiganteMob/Content/ThirdPersonBP/Blueprints/Widgets/FontLato/Lato-Bold_Font.uasset" 593
"../../../../../../Users/Denise/Documents/GitHub/CorreVejiganteMob/Content/ThirdPersonBP/Blueprints/Widgets/FontLato/Lato-Regular.uasset" 594
"../../../../../../Users/Denise/Documents/GitHub/CorreVejiganteMob/Content/ThirdPersonBP/Blueprints/Widgets/FontLato/Lato-Regular_Font.uasset" 595
"../../../../../../Users/Denise/Documents/GitHub/CorreVejiganteMob/Content/ThirdPersonBP/Blueprints/Widgets/FontRaleway/Raleway-Bold.uasset" 596
"../../../../../../Users/Denise/Documents/GitHub/CorreVejiganteMob/Content/ThirdPersonBP/Blueprints/Widgets/FontRaleway/Raleway-Bold_Font.uasset" 597
"../../../../../../Users/Denise/Documents/GitHub/CorreVejiganteMob/Content/ThirdPersonBP/Blueprints/Widgets/FontRaleway/Raleway-ExtraBold.uasset" 598
"../../../../../../Users/Denise/Documents/GitHub/CorreVejiganteMob/Content/ThirdPersonBP/Blueprints/Widgets/FontRaleway/Raleway-ExtraBold_Font.uasset" 599
"../../../../../../Users/Denise/Documents/GitHub/CorreVejiganteMob/Content/ThirdPersonBP/Blueprints/Floor/Materials/VSJ/Paredes/CasaAmarillaBalcon3VSJ.uasset" 600
"../../../../../../Users/Denise/Documents/GitHub/CorreVejiganteMob/Content/ThirdPersonBP/Blueprints/Floor/Materials/VSJ/Paredes/CasaRojaBalcon3Puertas2VSJ.uasset" 601
"../../../../../../Users/Denise/Documents/GitHub/CorreVejiganteMob/Content/ThirdPersonBP/Blueprints/Vejigante/OG/Corriendo/Vejigante_3_0_corriendo_3_0.uasset" 602
"../../../../../../Users/Denise/Documents/GitHub/CorreVejiganteMob/Content/ThirdPersonBP/Blueprints/Vejigante/OG/Corriendo/Vejigante_3_0_corriendo_3_0_Sprite_0.uasset" 603
"../../../../../../Users/Denise/Documents/GitHub/CorreVejiganteMob/Content/ThirdPersonBP/Blueprints/Vejigante/OG/Corriendo/Vejigante_3_0_corriendo_3_0_Sprite_1.uasset" 604
"../../../../../../Users/Denise/Documents/GitHub/CorreVejiganteMob/Content/ThirdPersonBP/Blueprints/Vejigante/Pastel/Corriendo/Vejigante_3_0_pastel_skin.uasset" 605
"../../../../../../Users/Denise/Documents/GitHub/CorreVejiganteMob/Content/ThirdPersonBP/Blueprints/Vejigante/Pastel/Corriendo/Vejigante_3_0_pastel_skin_Sprite_0.uasset" 606
"../../../../../../Users/Denise/Documents/GitHub/CorreVejiganteMob/Content/ThirdPersonBP/Blueprints/Vejigante/Pastel/Corriendo/Vejigante_3_0_pastel_skin_Sprite_1.uasset" 607
"../../../../../../Users/Denise/Documents/GitHub/CorreVejiganteMob/Content/ThirdPersonBP/Blueprints/Vejigante/Verde/Corriendo/Vejigante_3_0_green_skin.uasset" 608
"../../../../../../Users/Denise/Documents/GitHub/CorreVejiganteMob/Content/ThirdPersonBP/Blueprints/Vejigante/Verde/Corriendo/Vejigante_3_0_green_skin_Sprite_0.uasset" 609
"../../../../../../Users/Denise/Documents/GitHub/CorreVejiganteMob/Content/ThirdPersonBP/Blueprints/Vejigante/Verde/Corriendo/Vejigante_3_0_green_skin_Sprite_1.uasset" 610
"../../../../../../Users/Denise/Documents/GitHub/CorreVejiganteMob/Content/ThirdPersonBP/Blueprints/Widgets/FontLato/Lato-Black.uasset" 611
"../../../../../../Users/Denise/Documents/GitHub/CorreVejiganteMob/Content/ThirdPersonBP/Blueprints/Widgets/FontLato/Lato-Black_Font.uasset" 612
"../../../../../../Users/Denise/Documents/GitHub/CorreVejiganteMob/Content/ThirdPersonBP/Blueprints/Widgets/Cam2Target.uasset" 613
"../../../../../../Users/Denise/Documents/GitHub/CorreVejiganteMob/Content/ThirdPersonBP/Blueprints/Widgets/Cam2Mat.uasset" 614
"../../../../../../Users/Denise/Documents/GitHub/CorreVejiganteMob/Content/ThirdPersonBP/Blueprints/Widgets/PausedMenu.uasset" 615
"../../../../../../Users/Denise/Documents/GitHub/CorreVejiganteMob/Content/ThirdPersonBP/Blueprints/Widgets/Sprites/Vejigante_icon__hit_-_pastel__.uasset" 616
"../../../../../../Users/Denise/Documents/GitHub/CorreVejiganteMob/Content/ThirdPersonBP/Blueprints/Widgets/Sprites/Vejigante_icon__hit_-_verde_.uasset" 617
"../../../../../../Users/Denise/Documents/GitHub/CorreVejiganteMob/Content/ThirdPersonBP/Blueprints/Widgets/Sprites/Vejigante_icon__hits_.uasset" 618
"../../../../../../Users/Denise/Documents/GitHub/CorreVejiganteMob/Content/ThirdPersonBP/Blueprints/Widgets/Sprites/Vejigante_icon__low_.uasset" 619
"../../../../../../Users/Denise/Documents/GitHub/CorreVejiganteMob/Content/ThirdPersonBP/Blueprints/Widgets/Sprites/Vejigante_icon__low_-_pastel_.uasset" 620
"../../../../../../Users/Denise/Documents/GitHub/CorreVejiganteMob/Content/ThirdPersonBP/Blueprints/Widgets/Sprites/Vejigante_icon__low_-_verde_.uasset" 621
"../../../../../../Users/Denise/Documents/GitHub/CorreVejiganteMob/Content/ThirdPersonBP/Blueprints/Widgets/Sprites/Vejigante_icon__normal-pastel_.uasset" 622
"../../../../../../Users/Denise/Documents/GitHub/CorreVejiganteMob/Content/ThirdPersonBP/Blueprints/Widgets/Sprites/Vejigante_icon__normal-verde_.uasset" 623
"../../../../../../Users/Denise/Documents/GitHub/CorreVejiganteMob/Content/ThirdPersonBP/Blueprints/Widgets/Sprites/Vejigante_icon__normal_.uasset" 624
"../../../../../../Users/Denise/Documents/GitHub/CorreVejiganteMob/Content/ThirdPersonBP/Blueprints/Widgets/Sprites/Vejigante_icon__normal__Sprite_4.uasset" 625
"../../../../../../Users/Denise/Documents/GitHub/CorreVejiganteMob/Content/ThirdPersonBP/Blueprints/Widgets/Sprites/Vejigante_icon__normal_static.uasset" 626
"../../../../../../Users/Denise/Documents/GitHub/CorreVejiganteMob/Content/ThirdPersonBP/Blueprints/Widgets/MainHUD.uasset" 627
"../../../../../../Users/Denise/Documents/GitHub/CorreVejiganteMob/Content/ThirdPersonBP/Blueprints/Widgets/Sprites/Tostoncito_mordido.uasset" 628
"../../../../../../Users/Denise/Documents/GitHub/CorreVejiganteMob/Content/ThirdPersonBP/Blueprints/Widgets/Sprites/Tostoncito_mordido_Sprite.uasset" 629
"../../../../../../Users/Denise/Documents/GitHub/CorreVejiganteMob/Content/ThirdPersonBP/Blueprints/Widgets/StartMenu.uasset" 630
"../../../../../../Users/Denise/Documents/GitHub/CorreVejiganteMob/Content/ThirdPersonBP/Blueprints/ThirdPersonGameMode.uasset" 631
"../../../Engine/Content/EngineMaterials/FlatNormal.uasset" 632
"../../../../../../Users/Denise/Documents/GitHub/CorreVejiganteMob/Content/InfinityBladeEffects/Effects/FX_Textures/Tile/T_Black_32.uasset" 633
"../../../../../../Users/Denise/Documents/GitHub/CorreVejiganteMob/Content/InfinityBladeEffects/Effects/Masters/M_Trans_Sprite_Master_Surface.uasset" 634
"../../../../../../Users/Denise/Documents/GitHub/CorreVejiganteMob/Content/InfinityBladeEffects/Effects/FX_Textures/Damage/T_cracks_01_N.uasset" 635
"../../../../../../Users/Denise/Documents/GitHub/CorreVejiganteMob/Content/InfinityBladeEffects/Effects/FX_Textures/Damage/T_cracksFirey_01.uasset" 636
"../../../../../../Users/Denise/Documents/GitHub/CorreVejiganteMob/Content/InfinityBladeEffects/Effects/FX_Materials/Damage/M_CrackedGround_Fire_01_INST.uasset" 637
"../../../../../../Users/Denise/Documents/GitHub/CorreVejiganteMob/Content/InfinityBladeEffects/Effects/Masters/M_Trans_Sprite_SubUV_Master.uasset" 638
"../../../../../../Users/Denise/Documents/GitHub/CorreVejiganteMob/Content/InfinityBladeEffects/Effects/FX_Textures/Damage/T_Rocks_Fire_3_3.uasset" 639
"../../../../../../Users/Denise/Documents/GitHub/CorreVejiganteMob/Content/InfinityBladeEffects/Effects/FX_Materials/Damage/M_RockDebrisFire_Trans_INST.uasset" 640
"../../../../../../Users/Denise/Documents/GitHub/CorreVejiganteMob/Content/InfinityBladeEffects/Effects/Masters/M_Add_Trail_2Sided_Pan_Master.uasset" 641
"../../../../../../Users/Denise/Documents/GitHub/CorreVejiganteMob/Content/InfinityBladeEffects/Effects/FX_Textures/Fire/T_FireBlastTile.uasset" 642
"../../../../../../Users/Denise/Documents/GitHub/CorreVejiganteMob/Content/InfinityBladeEffects/Effects/FX_Materials/Fire/M_Fire_Sheet_01_INST.uasset" 643
"../../../../../../Users/Denise/Documents/GitHub/CorreVejiganteMob/Content/InfinityBladeEffects/Effects/FX_Meshes/Skills/SM_FireBlastMesh_Twist_01.uasset" 644
"../../../../../../Users/Denise/Documents/GitHub/CorreVejiganteMob/Content/InfinityBladeEffects/Effects/FX_Monsters/FX_Monster_Elemental/Fire/P_Elemental_Leap_Impact_Fire.uasset" 645
"../../../../../../Users/Denise/Documents/GitHub/CorreVejiganteMob/Content/InfinityBladeEffects/Effects/FX_Textures/Noise/T_Tile_Noise_Tendril_01.uasset" 646
"../../../../../../Users/Denise/Documents/GitHub/CorreVejiganteMob/Content/InfinityBladeEffects/Effects/FX_Materials/Mobile/M_Tile_Noise_Tendril_01.uasset" 647
"../../../../../../Users/Denise/Documents/GitHub/CorreVejiganteMob/Content/InfinityBladeEffects/Effects/FX_Textures/Damage/T_cracksIcey_01.uasset" 648
"../../../../../../Users/Denise/Documents/GitHub/CorreVejiganteMob/Content/InfinityBladeEffects/Effects/FX_Materials/Damage/M_CrackedGround_Ice_01_INST.uasset" 649
"../../../../../../Users/Denise/Documents/GitHub/CorreVejiganteMob/Content/InfinityBladeEffects/Effects/FX_Textures/Gradient/FX_Glow_12alpha.uasset" 650
"../../../../../../Users/Denise/Documents/GitHub/CorreVejiganteMob/Content/InfinityBladeEffects/Effects/FX_Materials/Gradient/M_Flare_09_Inst.uasset" 651
"../../../../../../Users/Denise/Documents/GitHub/CorreVejiganteMob/Content/InfinityBladeEffects/Effects/Masters/M_Trans_Sprite_Master_DepthFade.uasset" 652
"../../../../../../Users/Denise/Documents/GitHub/CorreVejiganteMob/Content/InfinityBladeEffects/Effects/FX_Textures/Liquid/T_bloodTest_4X6.uasset" 653
"../../../../../../Users/Denise/Documents/GitHub/CorreVejiganteMob/Content/InfinityBladeEffects/Effects/FX_Materials/Liquid/M_Liquid_Spray_01_4X6_INST.uasset" 654
"../../../../../../Users/Denise/Documents/GitHub/CorreVejiganteMob/Content/InfinityBladeEffects/Effects/FX_Meshes/Skills/SM_FireBlastMesh.uasset" 655
"../../../../../../Users/Denise/Documents/GitHub/CorreVejiganteMob/Content/InfinityBladeEffects/Effects/FX_Skill_Aura/P_Aura_Ice_Shatter_01.uasset" 656
"../../../../../../Users/Denise/Documents/GitHub/CorreVejiganteMob/Content/InfinityBladeEffects/Effects/FX_Textures/Damage/T_cracksPoison_01.uasset" 657
"../../../../../../Users/Denise/Documents/GitHub/CorreVejiganteMob/Content/InfinityBladeEffects/Effects/FX_Materials/Damage/M_CrackedGround_Poison_01_INST.uasset" 658
"../../../../../../Users/Denise/Documents/GitHub/CorreVejiganteMob/Content/InfinityBladeEffects/Effects/FX_Textures/Spark/T_Sparks_04_SubUV_1_4.uasset" 659
"../../../../../../Users/Denise/Documents/GitHub/CorreVejiganteMob/Content/InfinityBladeEffects/Effects/FX_Materials/Spark/M_Spark_04_SubUV_1_4_INST.uasset" 660
"../../../../../../Users/Denise/Documents/GitHub/CorreVejiganteMob/Content/InfinityBladeEffects/Effects/FX_Skill_Aura/P_Aura_Poison_Shatter_01.uasset" 661
"../../../Engine/Content/Functions/Engine_MaterialFunctions02/Utility/BlendAngleCorrectedNormals.uasset" 662
"../../../Engine/Content/Functions/MaterialLayerFunctions/MatLayerBlend_NormalBlend.uasset" 663
"../../../Engine/Content/Functions/MaterialLayerFunctions/MatLayerBlend_Simple.uasset" 664
"../../../../../../Users/Denise/Documents/GitHub/CorreVejiganteMob/Content/Mannequin/Character/Materials/MaterialLayers/T_ML_Rubber_Blue_01_D.uasset" 665
"../../../../../../Users/Denise/Documents/GitHub/CorreVejiganteMob/Content/Mannequin/Character/Materials/MaterialLayers/T_ML_Rubber_Blue_01_N.uasset" 666
"../../../../../../Users/Denise/Documents/GitHub/CorreVejiganteMob/Content/Mannequin/Character/Materials/MaterialLayers/ML_GlossyBlack_Latex_UE4.uasset" 667
"../../../../../../Users/Denise/Documents/GitHub/CorreVejiganteMob/Content/Mannequin/Character/Materials/MaterialLayers/ML_Plastic_Shiny_Beige.uasset" 668
"../../../../../../Users/Denise/Documents/GitHub/CorreVejiganteMob/Content/Mannequin/Character/Textures/UE4_LOGO_CARD.uasset" 669
"../../../../../../Users/Denise/Documents/GitHub/CorreVejiganteMob/Content/Mannequin/Character/Materials/MaterialLayers/ML_Plastic_Shiny_Beige_LOGO.uasset" 670
"../../../../../../Users/Denise/Documents/GitHub/CorreVejiganteMob/Content/Mannequin/Character/Materials/MaterialLayers/T_ML_Aluminum01.uasset" 671
"../../../../../../Users/Denise/Documents/GitHub/CorreVejiganteMob/Content/Mannequin/Character/Materials/MaterialLayers/T_ML_Aluminum01_N.uasset" 672
"../../../../../../Users/Denise/Documents/GitHub/CorreVejiganteMob/Content/Mannequin/Character/Materials/MaterialLayers/ML_SoftMetal_UE4.uasset" 673
"../../../../../../Users/Denise/Documents/GitHub/CorreVejiganteMob/Content/Mannequin/Character/Textures/T_UE4_Mannequin_Mobile_M.uasset" 674
"../../../../../../Users/Denise/Documents/GitHub/CorreVejiganteMob/Content/Mannequin/Character/Textures/T_UE4_Mannequin_Mobile_N.uasset" 675
"../../../../../../Users/Denise/Documents/GitHub/CorreVejiganteMob/Content/Mannequin/Character/Materials/M_UE4Man_Body.uasset" 676
"../../../../../../Users/Denise/Documents/GitHub/CorreVejiganteMob/Content/Mannequin/Character/Textures/UE4Man_Logo_N.uasset" 677
"../../../../../../Users/Denise/Documents/GitHub/CorreVejiganteMob/Content/Mannequin/Character/Materials/M_UE4Man_ChestLogo.uasset" 678
"../../../../../../Users/Denise/Documents/GitHub/CorreVejiganteMob/Content/Mannequin/Character/Mesh/SK_Mannequin.uasset" 679
"../../../../../../Users/Denise/Documents/GitHub/CorreVejiganteMob/Content/ThirdPersonBP/Blueprints/Audio/445109__breviceps__mud-splat.uasset" 680
"../../../../../../Users/Denise/Documents/GitHub/CorreVejiganteMob/Content/ThirdPersonBP/Blueprints/Audio/447922__breviceps__thud-falling-on-wooden-floor.uasset" 681
"../../../../../../Users/Denise/Documents/GitHub/CorreVejiganteMob/Content/ThirdPersonBP/Blueprints/Audio/80551__ggctuk__comic-bite-2.uasset" 682
"../../../../../../Users/Denise/Documents/GitHub/CorreVejiganteMob/Content/ThirdPersonBP/Blueprints/Vejigante/OG/Cayendo/Vejigante_3_0_cayendo.uasset" 683
"../../../../../../Users/Denise/Documents/GitHub/CorreVejiganteMob/Content/ThirdPersonBP/Blueprints/Vejigante/OG/Cayendo/Vejigante_3_0_cayendo_Sprite_0.uasset" 684
"../../../../../../Users/Denise/Documents/GitHub/CorreVejiganteMob/Content/ThirdPersonBP/Blueprints/Vejigante/OG/Cayendo/Vejigante_3_0_cayendo_Sprite_1.uasset" 685
"../../../../../../Users/Denise/Documents/GitHub/CorreVejiganteMob/Content/ThirdPersonBP/Blueprints/Vejigante/OG/Cayendo/Vejigante_3_0_cayendo_Sprite_2.uasset" 686
"../../../../../../Users/Denise/Documents/GitHub/CorreVejiganteMob/Content/ThirdPersonBP/Blueprints/Vejigante/OG/Cayendo/Vejigante_3_0_cayendo_Sprite_3.uasset" 687
"../../../../../../Users/Denise/Documents/GitHub/CorreVejiganteMob/Content/ThirdPersonBP/Blueprints/Vejigante/OG/Cayendo/Vejigante_3_0_cayendo_Sprite_4.uasset" 688
"../../../../../../Users/Denise/Documents/GitHub/CorreVejiganteMob/Content/ThirdPersonBP/Blueprints/Vejigante/OG/Cayendo/Vejigante_3_0_cayendo_Sprite_5.uasset" 689
"../../../../../../Users/Denise/Documents/GitHub/CorreVejiganteMob/Content/ThirdPersonBP/Blueprints/Vejigante/OG/Cayendo/Vejigante_3_0_cayendo1.uasset" 690
"../../../../../../Users/Denise/Documents/GitHub/CorreVejiganteMob/Content/ThirdPersonBP/Blueprints/Vejigante/OG/Corriendo/Vejigante_3_0_corriendo_3_0_Sprite_2.uasset" 691
"../../../../../../Users/Denise/Documents/GitHub/CorreVejiganteMob/Content/ThirdPersonBP/Blueprints/Vejigante/OG/Corriendo/Vejigante_3_0_corriendo_3_0_Sprite_3.uasset" 692
"../../../../../../Users/Denise/Documents/GitHub/CorreVejiganteMob/Content/ThirdPersonBP/Blueprints/Vejigante/OG/Corriendo/Vejigante_3_0_corriendo_3_0_Sprite_4.uasset" 693
"../../../../../../Users/Denise/Documents/GitHub/CorreVejiganteMob/Content/ThirdPersonBP/Blueprints/Vejigante/OG/Corriendo/Vejigante_3_0_corriendo_3_0_Sprite_5.uasset" 694
"../../../../../../Users/Denise/Documents/GitHub/CorreVejiganteMob/Content/ThirdPersonBP/Blueprints/Vejigante/OG/Corriendo/Vejigante_3_0_corriendo_3_1.uasset" 695
"../../../../../../Users/Denise/Documents/GitHub/CorreVejiganteMob/Content/ThirdPersonBP/Blueprints/Vejigante/Pastel/Cayendo/Vejigante_3_0_cayendo_pastel.uasset" 696
"../../../../../../Users/Denise/Documents/GitHub/CorreVejiganteMob/Content/ThirdPersonBP/Blueprints/Vejigante/Pastel/Cayendo/Vejigante_3_0_cayendo_pastel_Sprite_0.uasset" 697
"../../../../../../Users/Denise/Documents/GitHub/CorreVejiganteMob/Content/ThirdPersonBP/Blueprints/Vejigante/Pastel/Cayendo/Vejigante_3_0_cayendo_pastel_Sprite_1.uasset" 698
"../../../../../../Users/Denise/Documents/GitHub/CorreVejiganteMob/Content/ThirdPersonBP/Blueprints/Vejigante/Pastel/Cayendo/Vejigante_3_0_cayendo_pastel_Sprite_2.uasset" 699
"../../../../../../Users/Denise/Documents/GitHub/CorreVejiganteMob/Content/ThirdPersonBP/Blueprints/Vejigante/Pastel/Cayendo/Vejigante_3_0_cayendo_pastel_Sprite_3.uasset" 700
"../../../../../../Users/Denise/Documents/GitHub/CorreVejiganteMob/Content/ThirdPersonBP/Blueprints/Vejigante/Pastel/Cayendo/Vejigante_3_0_cayendo_pastel_Sprite_4.uasset" 701
"../../../../../../Users/Denise/Documents/GitHub/CorreVejiganteMob/Content/ThirdPersonBP/Blueprints/Vejigante/Pastel/Cayendo/Vejigante_3_0_cayendo_pastel_Sprite_5.uasset" 702
"../../../../../../Users/Denise/Documents/GitHub/CorreVejiganteMob/Content/ThirdPersonBP/Blueprints/Vejigante/Pastel/Cayendo/Vejigante_3_0_cayendo_pastel1.uasset" 703
"../../../../../../Users/Denise/Documents/GitHub/CorreVejiganteMob/Content/ThirdPersonBP/Blueprints/Vejigante/Pastel/Corriendo/Vejigante_3_0_pastel_skin_Sprite_2.uasset" 704
"../../../../../../Users/Denise/Documents/GitHub/CorreVejiganteMob/Content/ThirdPersonBP/Blueprints/Vejigante/Pastel/Corriendo/Vejigante_3_0_pastel_skin_Sprite_3.uasset" 705
"../../../../../../Users/Denise/Documents/GitHub/CorreVejiganteMob/Content/ThirdPersonBP/Blueprints/Vejigante/Pastel/Corriendo/Vejigante_3_0_pastel_skin_Sprite_4.uasset" 706
"../../../../../../Users/Denise/Documents/GitHub/CorreVejiganteMob/Content/ThirdPersonBP/Blueprints/Vejigante/Pastel/Corriendo/Vejigante_3_0_pastel_skin_Sprite_5.uasset" 707
"../../../../../../Users/Denise/Documents/GitHub/CorreVejiganteMob/Content/ThirdPersonBP/Blueprints/Vejigante/Pastel/Corriendo/Vejigante_3_0_pastel_skin1.uasset" 708
"../../../../../../Users/Denise/Documents/GitHub/CorreVejiganteMob/Content/ThirdPersonBP/Blueprints/Vejigante/Verde/Cayendo/Vejigante_3_0_cayendo_verde.uasset" 709
"../../../../../../Users/Denise/Documents/GitHub/CorreVejiganteMob/Content/ThirdPersonBP/Blueprints/Vejigante/Verde/Cayendo/Vejigante_3_0_cayendo_verde_Sprite_0.uasset" 710
"../../../../../../Users/Denise/Documents/GitHub/CorreVejiganteMob/Content/ThirdPersonBP/Blueprints/Vejigante/Verde/Cayendo/Vejigante_3_0_cayendo_verde_Sprite_1.uasset" 711
"../../../../../../Users/Denise/Documents/GitHub/CorreVejiganteMob/Content/ThirdPersonBP/Blueprints/Vejigante/Verde/Cayendo/Vejigante_3_0_cayendo_verde_Sprite_2.uasset" 712
"../../../../../../Users/Denise/Documents/GitHub/CorreVejiganteMob/Content/ThirdPersonBP/Blueprints/Vejigante/Verde/Cayendo/Vejigante_3_0_cayendo_verde_Sprite_3.uasset" 713
"../../../../../../Users/Denise/Documents/GitHub/CorreVejiganteMob/Content/ThirdPersonBP/Blueprints/Vejigante/Verde/Cayendo/Vejigante_3_0_cayendo_verde_Sprite_4.uasset" 714
"../../../../../../Users/Denise/Documents/GitHub/CorreVejiganteMob/Content/ThirdPersonBP/Blueprints/Vejigante/Verde/Cayendo/Vejigante_3_0_cayendo_verde_Sprite_5.uasset" 715
"../../../../../../Users/Denise/Documents/GitHub/CorreVejiganteMob/Content/ThirdPersonBP/Blueprints/Vejigante/Verde/Cayendo/Vejigante_3_0_cayendo_verde1.uasset" 716
"../../../../../../Users/Denise/Documents/GitHub/CorreVejiganteMob/Content/ThirdPersonBP/Blueprints/Vejigante/Verde/Corriendo/Vejigante_3_0_green_skin_Sprite_2.uasset" 717
"../../../../../../Users/Denise/Documents/GitHub/CorreVejiganteMob/Content/ThirdPersonBP/Blueprints/Vejigante/Verde/Corriendo/Vejigante_3_0_green_skin_Sprite_3.uasset" 718
"../../../../../../Users/Denise/Documents/GitHub/CorreVejiganteMob/Content/ThirdPersonBP/Blueprints/Vejigante/Verde/Corriendo/Vejigante_3_0_green_skin_Sprite_4.uasset" 719
"../../../../../../Users/Denise/Documents/GitHub/CorreVejiganteMob/Content/ThirdPersonBP/Blueprints/Vejigante/Verde/Corriendo/Vejigante_3_0_green_skin_Sprite_5.uasset" 720
"../../../../../../Users/Denise/Documents/GitHub/CorreVejiganteMob/Content/ThirdPersonBP/Blueprints/Vejigante/Verde/Corriendo/Vejigante_3_0_green_skin1.uasset" 721
"../../../../../../Users/Denise/Documents/GitHub/CorreVejiganteMob/Content/ThirdPersonBP/Blueprints/Widgets/LoseMenu.uasset" 722
"../../../../../../Users/Denise/Documents/GitHub/CorreVejiganteMob/Content/ThirdPersonBP/Blueprints/ThirdPersonCharacter.uasset" 723
"../../../../../../Users/Denise/Documents/GitHub/CorreVejiganteMob/Content/ThirdPersonBP/Blueprints/Floor/Materials/VSJ/Paredes/CasaAmarillaBalcon3VSJ_Mat.uasset" 724
"../../../../../../Users/Denise/Documents/GitHub/CorreVejiganteMob/Content/ThirdPersonBP/Blueprints/Floor/Materials/VSJ/Paredes/CasaAzulBalcon3VSJ.uasset" 725
"../../../../../../Users/Denise/Documents/GitHub/CorreVejiganteMob/Content/ThirdPersonBP/Blueprints/Floor/Materials/VSJ/Paredes/CasaAzulBalcon3VSJ_Mat.uasset" 726
"../../../../../../Users/Denise/Documents/GitHub/CorreVejiganteMob/Content/ThirdPersonBP/Blueprints/Floor/Materials/VSJ/Paredes/CasaNaranjaBalcon2VSJ.uasset" 727
"../../../../../../Users/Denise/Documents/GitHub/CorreVejiganteMob/Content/ThirdPersonBP/Blueprints/Floor/Materials/VSJ/Paredes/CasaNaranjaBalcon2VSJ_Mat.uasset" 728
"../../../../../../Users/Denise/Documents/GitHub/CorreVejiganteMob/Content/ThirdPersonBP/Blueprints/Floor/Materials/VSJ/Paredes/CasaRojaBalcon3Puertas2VSJ_Mat.uasset" 729
"../../../../../../Users/Denise/Documents/GitHub/CorreVejiganteMob/Content/ThirdPersonBP/Blueprints/Floor/Materials/VSJ/Paredes/CasaRosaBalcon2VSJ.uasset" 730
"../../../../../../Users/Denise/Documents/GitHub/CorreVejiganteMob/Content/ThirdPersonBP/Blueprints/Floor/Materials/VSJ/Paredes/CasaRosaBalcon2VSJ_Mat.uasset" 731
"../../../../../../Users/Denise/Documents/GitHub/CorreVejiganteMob/Content/ThirdPersonBP/Blueprints/Floor/Materials/VSJ/Paredes/CasaVerdeBalcon2Puerta2VSJ.uasset" 732
"../../../../../../Users/Denise/Documents/GitHub/CorreVejiganteMob/Content/ThirdPersonBP/Blueprints/Floor/Materials/VSJ/Paredes/CasaVerdeBalcon2Puerta2VSJ_Mat.uasset" 733
"../../../../../../Users/Denise/Documents/GitHub/CorreVejiganteMob/Content/ThirdPersonBP/Blueprints/Floor/Materials/VSJ/Paredes/CasaVioletaBalcon2VSJ.uasset" 734
"../../../../../../Users/Denise/Documents/GitHub/CorreVejiganteMob/Content/ThirdPersonBP/Blueprints/Floor/Materials/VSJ/Paredes/CasaVioletaBalcon2VSJ_Mat.uasset" 735
"../../../../../../Users/Denise/Documents/GitHub/CorreVejiganteMob/Content/ThirdPersonBP/Blueprints/Floor/OldMasterFloor_BP.uasset" 736
"../../../Engine/Content/EngineSky/C_Sky_Cloud_Color.uasset" 737
"../../../Engine/Content/EngineSky/C_Sky_Horizon_Color.uasset" 738
"../../../Engine/Content/EngineSky/C_Sky_Zenith_Color.uasset" 739
"../../../Engine/Content/EngineSky/T_Sky_Blue.uasset" 740
"../../../Engine/Content/EngineSky/T_Sky_Clouds_M.uasset" 741
"../../../Engine/Content/EngineSky/T_Sky_Stars.uasset" 742
"../../../Engine/Content/EngineSky/M_Sky_Panning_Clouds2.uasset" 743
"../../../Engine/Content/EngineSky/SM_SkySphere.uasset" 744
"../../../Engine/Content/EngineSky/BP_Sky_Sphere.uasset" 745
"../../../../../../Users/Denise/Documents/GitHub/CorreVejiganteMob/Content/ThirdPersonBP/Blueprints/Widgets/Cam2.uasset" 746
"../../../../../../Users/Denise/Documents/GitHub/CorreVejiganteMob/Content/ThirdPersonBP/Maps/ThirdPersonExampleMap_BuiltData.uasset" 747
"../../../../../../Users/Denise/Documents/GitHub/CorreVejiganteMob/Content/ThirdPersonBP/Maps/ThirdPersonExampleMap.umap" 748
